Determining if the __GLIBC__ exist failed with the following output:
Change Dir: /Users/iridescent/iridescent/iridescentCoconutSynth2/iridescentmicropython/ports/libmicropython/IRIDESCENT/SDL3-main/BUILD/CMakeFiles/CMakeScratch/TryCompile-lskC2y

Run Build Command(s):/usr/bin/make -f Makefile cmTC_6570a/fast && /Applications/Xcode.app/Contents/Developer/usr/bin/make  -f CMakeFiles/cmTC_6570a.dir/build.make CMakeFiles/cmTC_6570a.dir/build
Building C object CMakeFiles/cmTC_6570a.dir/CheckSymbolExists.c.obj
/Users/iridescent/iridescent/iridescentCoconutSynth2/arm-gnu-toolchain-12.2.mpacbti-bet1-darwin-x86_64-arm-none-eabi/bin/arm-none-eabi-gcc    -o CMakeFiles/cmTC_6570a.dir/CheckSymbolExists.c.obj -c /Users/iridescent/iridescent/iridescentCoconutSynth2/iridescentmicropython/ports/libmicropython/IRIDESCENT/SDL3-main/BUILD/CMakeFiles/CMakeScratch/TryCompile-lskC2y/CheckSymbolExists.c
/Users/iridescent/iridescent/iridescentCoconutSynth2/iridescentmicropython/ports/libmicropython/IRIDESCENT/SDL3-main/BUILD/CMakeFiles/CMakeScratch/TryCompile-lskC2y/CheckSymbolExists.c: In function 'main':
/Users/iridescent/iridescent/iridescentCoconutSynth2/iridescentmicropython/ports/libmicropython/IRIDESCENT/SDL3-main/BUILD/CMakeFiles/CMakeScratch/TryCompile-lskC2y/CheckSymbolExists.c:8:19: error: '__GLIBC__' undeclared (first use in this function); did you mean '__LINE__'?
    8 |   return ((int*)(&__GLIBC__))[argc];
      |                   ^~~~~~~~~
      |                   __LINE__
/Users/iridescent/iridescent/iridescentCoconutSynth2/iridescentmicropython/ports/libmicropython/IRIDESCENT/SDL3-main/BUILD/CMakeFiles/CMakeScratch/TryCompile-lskC2y/CheckSymbolExists.c:8:19: note: each undeclared identifier is reported only once for each function it appears in
make[2]: *** [CMakeFiles/cmTC_6570a.dir/CheckSymbolExists.c.obj] Error 1
make[1]: *** [cmTC_6570a/fast] Error 2


File CheckSymbolExists.c:
/* */
#include <stdlib.h>

int main(int argc, char** argv)
{
  (void)argv;
#ifndef __GLIBC__
  return ((int*)(&__GLIBC__))[argc];
#else
  (void)argc;
  return 0;
#endif
}
Performing C SOURCE FILE Test CHECK_CPU_ARCHITECTURE_X86 failed with the following output:
Change Dir: /Users/iridescent/iridescent/iridescentCoconutSynth2/iridescentmicropython/ports/libmicropython/IRIDESCENT/SDL3-main/BUILD/CMakeFiles/CMakeScratch/TryCompile-QM3jgf

Run Build Command(s):/usr/bin/make -f Makefile cmTC_1b97f/fast && /Applications/Xcode.app/Contents/Developer/usr/bin/make  -f CMakeFiles/cmTC_1b97f.dir/build.make CMakeFiles/cmTC_1b97f.dir/build
Building C object CMakeFiles/cmTC_1b97f.dir/src.c.obj
/Users/iridescent/iridescent/iridescentCoconutSynth2/arm-gnu-toolchain-12.2.mpacbti-bet1-darwin-x86_64-arm-none-eabi/bin/arm-none-eabi-gcc -DCHECK_CPU_ARCHITECTURE_X86   -o CMakeFiles/cmTC_1b97f.dir/src.c.obj -c /Users/iridescent/iridescent/iridescentCoconutSynth2/iridescentmicropython/ports/libmicropython/IRIDESCENT/SDL3-main/BUILD/CMakeFiles/CMakeScratch/TryCompile-QM3jgf/src.c
/Users/iridescent/iridescent/iridescentCoconutSynth2/iridescentmicropython/ports/libmicropython/IRIDESCENT/SDL3-main/BUILD/CMakeFiles/CMakeScratch/TryCompile-QM3jgf/src.c: In function 'main':
/Users/iridescent/iridescent/iridescentCoconutSynth2/iridescentmicropython/ports/libmicropython/IRIDESCENT/SDL3-main/BUILD/CMakeFiles/CMakeScratch/TryCompile-QM3jgf/src.c:6:3: error: 'choke' undeclared (first use in this function)
    6 |   choke
      |   ^~~~~
/Users/iridescent/iridescent/iridescentCoconutSynth2/iridescentmicropython/ports/libmicropython/IRIDESCENT/SDL3-main/BUILD/CMakeFiles/CMakeScratch/TryCompile-QM3jgf/src.c:6:3: note: each undeclared identifier is reported only once for each function it appears in
/Users/iridescent/iridescent/iridescentCoconutSynth2/iridescentmicropython/ports/libmicropython/IRIDESCENT/SDL3-main/BUILD/CMakeFiles/CMakeScratch/TryCompile-QM3jgf/src.c:6:8: error: expected ';' before '}' token
    6 |   choke
      |        ^
      |        ;
    7 | #endif
    8 | }
      | ~       
make[2]: *** [CMakeFiles/cmTC_1b97f.dir/src.c.obj] Error 1
make[1]: *** [cmTC_1b97f/fast] Error 2


Source file was:

int main(int argc, char *argv[]) {
#if defined(__i386__) || defined(__i486__) || defined(__i586__) || defined(__i686__) ||defined( __i386) || defined(_M_IX86)
  return 0;
#else
  choke
#endif
}


Performing C SOURCE FILE Test CHECK_CPU_ARCHITECTURE_X64 failed with the following output:
Change Dir: /Users/iridescent/iridescent/iridescentCoconutSynth2/iridescentmicropython/ports/libmicropython/IRIDESCENT/SDL3-main/BUILD/CMakeFiles/CMakeScratch/TryCompile-S2gG03

Run Build Command(s):/usr/bin/make -f Makefile cmTC_1391f/fast && /Applications/Xcode.app/Contents/Developer/usr/bin/make  -f CMakeFiles/cmTC_1391f.dir/build.make CMakeFiles/cmTC_1391f.dir/build
Building C object CMakeFiles/cmTC_1391f.dir/src.c.obj
/Users/iridescent/iridescent/iridescentCoconutSynth2/arm-gnu-toolchain-12.2.mpacbti-bet1-darwin-x86_64-arm-none-eabi/bin/arm-none-eabi-gcc -DCHECK_CPU_ARCHITECTURE_X64   -o CMakeFiles/cmTC_1391f.dir/src.c.obj -c /Users/iridescent/iridescent/iridescentCoconutSynth2/iridescentmicropython/ports/libmicropython/IRIDESCENT/SDL3-main/BUILD/CMakeFiles/CMakeScratch/TryCompile-S2gG03/src.c
/Users/iridescent/iridescent/iridescentCoconutSynth2/iridescentmicropython/ports/libmicropython/IRIDESCENT/SDL3-main/BUILD/CMakeFiles/CMakeScratch/TryCompile-S2gG03/src.c: In function 'main':
/Users/iridescent/iridescent/iridescentCoconutSynth2/iridescentmicropython/ports/libmicropython/IRIDESCENT/SDL3-main/BUILD/CMakeFiles/CMakeScratch/TryCompile-S2gG03/src.c:6:3: error: 'choke' undeclared (first use in this function)
    6 |   choke
      |   ^~~~~
/Users/iridescent/iridescent/iridescentCoconutSynth2/iridescentmicropython/ports/libmicropython/IRIDESCENT/SDL3-main/BUILD/CMakeFiles/CMakeScratch/TryCompile-S2gG03/src.c:6:3: note: each undeclared identifier is reported only once for each function it appears in
/Users/iridescent/iridescent/iridescentCoconutSynth2/iridescentmicropython/ports/libmicropython/IRIDESCENT/SDL3-main/BUILD/CMakeFiles/CMakeScratch/TryCompile-S2gG03/src.c:6:8: error: expected ';' before '}' token
    6 |   choke
      |        ^
      |        ;
    7 | #endif
    8 | }
      | ~       
make[2]: *** [CMakeFiles/cmTC_1391f.dir/src.c.obj] Error 1
make[1]: *** [cmTC_1391f/fast] Error 2


Source file was:

int main(int argc, char *argv[]) {
#if defined(__amd64__) || defined(__amd64) || defined(__x86_64__) || defined(__x86_64) || defined(_M_X64) || defined(_M_AMD64)
  return 0;
#else
  choke
#endif
}


Performing C SOURCE FILE Test CHECK_CPU_ARCHITECTURE_ARM64 failed with the following output:
Change Dir: /Users/iridescent/iridescent/iridescentCoconutSynth2/iridescentmicropython/ports/libmicropython/IRIDESCENT/SDL3-main/BUILD/CMakeFiles/CMakeScratch/TryCompile-0fdlx1

Run Build Command(s):/usr/bin/make -f Makefile cmTC_e7633/fast && /Applications/Xcode.app/Contents/Developer/usr/bin/make  -f CMakeFiles/cmTC_e7633.dir/build.make CMakeFiles/cmTC_e7633.dir/build
Building C object CMakeFiles/cmTC_e7633.dir/src.c.obj
/Users/iridescent/iridescent/iridescentCoconutSynth2/arm-gnu-toolchain-12.2.mpacbti-bet1-darwin-x86_64-arm-none-eabi/bin/arm-none-eabi-gcc -DCHECK_CPU_ARCHITECTURE_ARM64   -o CMakeFiles/cmTC_e7633.dir/src.c.obj -c /Users/iridescent/iridescent/iridescentCoconutSynth2/iridescentmicropython/ports/libmicropython/IRIDESCENT/SDL3-main/BUILD/CMakeFiles/CMakeScratch/TryCompile-0fdlx1/src.c
/Users/iridescent/iridescent/iridescentCoconutSynth2/iridescentmicropython/ports/libmicropython/IRIDESCENT/SDL3-main/BUILD/CMakeFiles/CMakeScratch/TryCompile-0fdlx1/src.c: In function 'main':
/Users/iridescent/iridescent/iridescentCoconutSynth2/iridescentmicropython/ports/libmicropython/IRIDESCENT/SDL3-main/BUILD/CMakeFiles/CMakeScratch/TryCompile-0fdlx1/src.c:6:3: error: 'choke' undeclared (first use in this function)
    6 |   choke
      |   ^~~~~
/Users/iridescent/iridescent/iridescentCoconutSynth2/iridescentmicropython/ports/libmicropython/IRIDESCENT/SDL3-main/BUILD/CMakeFiles/CMakeScratch/TryCompile-0fdlx1/src.c:6:3: note: each undeclared identifier is reported only once for each function it appears in
/Users/iridescent/iridescent/iridescentCoconutSynth2/iridescentmicropython/ports/libmicropython/IRIDESCENT/SDL3-main/BUILD/CMakeFiles/CMakeScratch/TryCompile-0fdlx1/src.c:6:8: error: expected ';' before '}' token
    6 |   choke
      |        ^
      |        ;
    7 | #endif
    8 | }
      | ~       
make[2]: *** [CMakeFiles/cmTC_e7633.dir/src.c.obj] Error 1
make[1]: *** [cmTC_e7633/fast] Error 2


Source file was:

int main(int argc, char *argv[]) {
#if defined(__aarch64__) || defined(_M_ARM64)
  return 0;
#else
  choke
#endif
}


Performing C SOURCE FILE Test CHECK_CPU_ARCHITECTURE_LOONGARCH64 failed with the following output:
Change Dir: /Users/iridescent/iridescent/iridescentCoconutSynth2/iridescentmicropython/ports/libmicropython/IRIDESCENT/SDL3-main/BUILD/CMakeFiles/CMakeScratch/TryCompile-fVZwq9

Run Build Command(s):/usr/bin/make -f Makefile cmTC_8a8a1/fast && /Applications/Xcode.app/Contents/Developer/usr/bin/make  -f CMakeFiles/cmTC_8a8a1.dir/build.make CMakeFiles/cmTC_8a8a1.dir/build
Building C object CMakeFiles/cmTC_8a8a1.dir/src.c.obj
/Users/iridescent/iridescent/iridescentCoconutSynth2/arm-gnu-toolchain-12.2.mpacbti-bet1-darwin-x86_64-arm-none-eabi/bin/arm-none-eabi-gcc -DCHECK_CPU_ARCHITECTURE_LOONGARCH64   -o CMakeFiles/cmTC_8a8a1.dir/src.c.obj -c /Users/iridescent/iridescent/iridescentCoconutSynth2/iridescentmicropython/ports/libmicropython/IRIDESCENT/SDL3-main/BUILD/CMakeFiles/CMakeScratch/TryCompile-fVZwq9/src.c
/Users/iridescent/iridescent/iridescentCoconutSynth2/iridescentmicropython/ports/libmicropython/IRIDESCENT/SDL3-main/BUILD/CMakeFiles/CMakeScratch/TryCompile-fVZwq9/src.c: In function 'main':
/Users/iridescent/iridescent/iridescentCoconutSynth2/iridescentmicropython/ports/libmicropython/IRIDESCENT/SDL3-main/BUILD/CMakeFiles/CMakeScratch/TryCompile-fVZwq9/src.c:6:3: error: 'choke' undeclared (first use in this function)
    6 |   choke
      |   ^~~~~
/Users/iridescent/iridescent/iridescentCoconutSynth2/iridescentmicropython/ports/libmicropython/IRIDESCENT/SDL3-main/BUILD/CMakeFiles/CMakeScratch/TryCompile-fVZwq9/src.c:6:3: note: each undeclared identifier is reported only once for each function it appears in
/Users/iridescent/iridescent/iridescentCoconutSynth2/iridescentmicropython/ports/libmicropython/IRIDESCENT/SDL3-main/BUILD/CMakeFiles/CMakeScratch/TryCompile-fVZwq9/src.c:6:8: error: expected ';' before '}' token
    6 |   choke
      |        ^
      |        ;
    7 | #endif
    8 | }
      | ~       
make[2]: *** [CMakeFiles/cmTC_8a8a1.dir/src.c.obj] Error 1
make[1]: *** [cmTC_8a8a1/fast] Error 2


Source file was:

int main(int argc, char *argv[]) {
#if defined(__loongarch64)
  return 0;
#else
  choke
#endif
}


Performing C SOURCE FILE Test HAVE_GCC_PREFERRED_STACK_BOUNDARY failed with the following output:
Change Dir: /Users/iridescent/iridescent/iridescentCoconutSynth2/iridescentmicropython/ports/libmicropython/IRIDESCENT/SDL3-main/BUILD/CMakeFiles/CMakeScratch/TryCompile-eQvTz6

Run Build Command(s):/usr/bin/make -f Makefile cmTC_a29da/fast && /Applications/Xcode.app/Contents/Developer/usr/bin/make  -f CMakeFiles/cmTC_a29da.dir/build.make CMakeFiles/cmTC_a29da.dir/build
Building C object CMakeFiles/cmTC_a29da.dir/src.c.obj
/Users/iridescent/iridescent/iridescentCoconutSynth2/arm-gnu-toolchain-12.2.mpacbti-bet1-darwin-x86_64-arm-none-eabi/bin/arm-none-eabi-gcc -DHAVE_GCC_PREFERRED_STACK_BOUNDARY  -ggdb -O2 -D_POSIX_THREADS -DARDUINO_TEENSY41 -I/Users/iridescent/iridescent/iridescentCoconutSynth2/iridescentmicropython/ports/libmicropython/IRIDESCENT/freertos-teensy-master/src -I/Users/iridescent/iridescent/iridescentCoconutSynth2/iridescentmicropython/ports/libmicropython/IRIDESCENT/freertos-teensy-master/src -I/Users/iridescent/iridescent/iridescentCoconutSynth2/iridescentmicropython/ports/libmicropython/IRIDESCENT/freertos-teensy-master/lib/cpp/src -I/Users/iridescent/iridescent/iridescentCoconutSynth2/iridescentmicropython/ports/libmicropython/IRIDESCENT/cores-master/teensy4 -I/Users/iridescent/iridescent/iridescentCoconutSynth2/iridescentmicropython/ports/libmicropython/IRIDESCENT/FreeRTOS-Plus-POSIX/include -I/Users/iridescent/iridescent/iridescentCoconutSynth2/iridescentmicropython/ports/libmicropython/IRIDESCENT/SDL3-main/src -fno-exceptions -ffunction-sections -fdata-sections -fasynchronous-unwind-tables -mcpu=cortex-m7 -mfloat-abi=hard -mfpu=fpv5-d16 -mthumb -idirafter "/Users/iridescent/iridescent/iridescentCoconutSynth2/iridescentmicropython/ports/libmicropython/IRIDESCENT/SDL3-main/src/video/khronos" -mpreferred-stack-boundary=2 -o CMakeFiles/cmTC_a29da.dir/src.c.obj -c /Users/iridescent/iridescent/iridescentCoconutSynth2/iridescentmicropython/ports/libmicropython/IRIDESCENT/SDL3-main/BUILD/CMakeFiles/CMakeScratch/TryCompile-eQvTz6/src.c
arm-none-eabi-gcc: error: unrecognized command-line option '-mpreferred-stack-boundary=2'
make[2]: *** [CMakeFiles/cmTC_a29da.dir/src.c.obj] Error 1
make[1]: *** [cmTC_a29da/fast] Error 2


Source file was:
int x = 0; int main(int argc, char **argv) { return 0; }

Determining if the include file immintrin.h exists failed with the following output:
Change Dir: /Users/iridescent/iridescent/iridescentCoconutSynth2/iridescentmicropython/ports/libmicropython/IRIDESCENT/SDL3-main/BUILD/CMakeFiles/CMakeScratch/TryCompile-vDhdhX

Run Build Command(s):/usr/bin/make -f Makefile cmTC_150ad/fast && /Applications/Xcode.app/Contents/Developer/usr/bin/make  -f CMakeFiles/cmTC_150ad.dir/build.make CMakeFiles/cmTC_150ad.dir/build
Building C object CMakeFiles/cmTC_150ad.dir/CheckIncludeFile.c.obj
/Users/iridescent/iridescent/iridescentCoconutSynth2/arm-gnu-toolchain-12.2.mpacbti-bet1-darwin-x86_64-arm-none-eabi/bin/arm-none-eabi-gcc   -ggdb -O2 -D_POSIX_THREADS -DARDUINO_TEENSY41 -I/Users/iridescent/iridescent/iridescentCoconutSynth2/iridescentmicropython/ports/libmicropython/IRIDESCENT/freertos-teensy-master/src -I/Users/iridescent/iridescent/iridescentCoconutSynth2/iridescentmicropython/ports/libmicropython/IRIDESCENT/freertos-teensy-master/src -I/Users/iridescent/iridescent/iridescentCoconutSynth2/iridescentmicropython/ports/libmicropython/IRIDESCENT/freertos-teensy-master/lib/cpp/src -I/Users/iridescent/iridescent/iridescentCoconutSynth2/iridescentmicropython/ports/libmicropython/IRIDESCENT/cores-master/teensy4 -I/Users/iridescent/iridescent/iridescentCoconutSynth2/iridescentmicropython/ports/libmicropython/IRIDESCENT/FreeRTOS-Plus-POSIX/include -I/Users/iridescent/iridescent/iridescentCoconutSynth2/iridescentmicropython/ports/libmicropython/IRIDESCENT/SDL3-main/src -fno-exceptions -ffunction-sections -fdata-sections -fasynchronous-unwind-tables -mcpu=cortex-m7 -mfloat-abi=hard -mfpu=fpv5-d16 -mthumb -idirafter "/Users/iridescent/iridescent/iridescentCoconutSynth2/iridescentmicropython/ports/libmicropython/IRIDESCENT/SDL3-main/src/video/khronos"  -o CMakeFiles/cmTC_150ad.dir/CheckIncludeFile.c.obj -c /Users/iridescent/iridescent/iridescentCoconutSynth2/iridescentmicropython/ports/libmicropython/IRIDESCENT/SDL3-main/BUILD/CMakeFiles/CMakeScratch/TryCompile-vDhdhX/CheckIncludeFile.c
/Users/iridescent/iridescent/iridescentCoconutSynth2/iridescentmicropython/ports/libmicropython/IRIDESCENT/SDL3-main/BUILD/CMakeFiles/CMakeScratch/TryCompile-vDhdhX/CheckIncludeFile.c:1:10: fatal error: immintrin.h: No such file or directory
    1 | #include <immintrin.h>
      |          ^~~~~~~~~~~~~
compilation terminated.
make[2]: *** [CMakeFiles/cmTC_150ad.dir/CheckIncludeFile.c.obj] Error 1
make[1]: *** [cmTC_150ad/fast] Error 2



Performing C SOURCE FILE Test HAVE_ALTIVEC_H_HDR failed with the following output:
Change Dir: /Users/iridescent/iridescent/iridescentCoconutSynth2/iridescentmicropython/ports/libmicropython/IRIDESCENT/SDL3-main/BUILD/CMakeFiles/CMakeScratch/TryCompile-ZFRwsg

Run Build Command(s):/usr/bin/make -f Makefile cmTC_836be/fast && /Applications/Xcode.app/Contents/Developer/usr/bin/make  -f CMakeFiles/cmTC_836be.dir/build.make CMakeFiles/cmTC_836be.dir/build
Building C object CMakeFiles/cmTC_836be.dir/src.c.obj
/Users/iridescent/iridescent/iridescentCoconutSynth2/arm-gnu-toolchain-12.2.mpacbti-bet1-darwin-x86_64-arm-none-eabi/bin/arm-none-eabi-gcc -DHAVE_ALTIVEC_H_HDR  -ggdb -O2 -D_POSIX_THREADS -DARDUINO_TEENSY41 -I/Users/iridescent/iridescent/iridescentCoconutSynth2/iridescentmicropython/ports/libmicropython/IRIDESCENT/freertos-teensy-master/src -I/Users/iridescent/iridescent/iridescentCoconutSynth2/iridescentmicropython/ports/libmicropython/IRIDESCENT/freertos-teensy-master/src -I/Users/iridescent/iridescent/iridescentCoconutSynth2/iridescentmicropython/ports/libmicropython/IRIDESCENT/freertos-teensy-master/lib/cpp/src -I/Users/iridescent/iridescent/iridescentCoconutSynth2/iridescentmicropython/ports/libmicropython/IRIDESCENT/cores-master/teensy4 -I/Users/iridescent/iridescent/iridescentCoconutSynth2/iridescentmicropython/ports/libmicropython/IRIDESCENT/FreeRTOS-Plus-POSIX/include -I/Users/iridescent/iridescent/iridescentCoconutSynth2/iridescentmicropython/ports/libmicropython/IRIDESCENT/SDL3-main/src -fno-exceptions -ffunction-sections -fdata-sections -fasynchronous-unwind-tables -mcpu=cortex-m7 -mfloat-abi=hard -mfpu=fpv5-d16 -mthumb -idirafter "/Users/iridescent/iridescent/iridescentCoconutSynth2/iridescentmicropython/ports/libmicropython/IRIDESCENT/SDL3-main/src/video/khronos" -maltivec -o CMakeFiles/cmTC_836be.dir/src.c.obj -c /Users/iridescent/iridescent/iridescentCoconutSynth2/iridescentmicropython/ports/libmicropython/IRIDESCENT/SDL3-main/BUILD/CMakeFiles/CMakeScratch/TryCompile-ZFRwsg/src.c
arm-none-eabi-gcc: error: unrecognized command-line option '-maltivec'
make[2]: *** [CMakeFiles/cmTC_836be.dir/src.c.obj] Error 1
make[1]: *** [cmTC_836be/fast] Error 2


Source file was:

          #include <altivec.h>
          vector unsigned int vzero() {
              return vec_splat_u32(0);
          }
          int main(int argc, char **argv) { return 0; }

Performing C SOURCE FILE Test CPU_SUPPORTS_ALTIVEC failed with the following output:
Change Dir: /Users/iridescent/iridescent/iridescentCoconutSynth2/iridescentmicropython/ports/libmicropython/IRIDESCENT/SDL3-main/BUILD/CMakeFiles/CMakeScratch/TryCompile-51PtDb

Run Build Command(s):/usr/bin/make -f Makefile cmTC_114ff/fast && /Applications/Xcode.app/Contents/Developer/usr/bin/make  -f CMakeFiles/cmTC_114ff.dir/build.make CMakeFiles/cmTC_114ff.dir/build
Building C object CMakeFiles/cmTC_114ff.dir/src.c.obj
/Users/iridescent/iridescent/iridescentCoconutSynth2/arm-gnu-toolchain-12.2.mpacbti-bet1-darwin-x86_64-arm-none-eabi/bin/arm-none-eabi-gcc -DCPU_SUPPORTS_ALTIVEC  -ggdb -O2 -D_POSIX_THREADS -DARDUINO_TEENSY41 -I/Users/iridescent/iridescent/iridescentCoconutSynth2/iridescentmicropython/ports/libmicropython/IRIDESCENT/freertos-teensy-master/src -I/Users/iridescent/iridescent/iridescentCoconutSynth2/iridescentmicropython/ports/libmicropython/IRIDESCENT/freertos-teensy-master/src -I/Users/iridescent/iridescent/iridescentCoconutSynth2/iridescentmicropython/ports/libmicropython/IRIDESCENT/freertos-teensy-master/lib/cpp/src -I/Users/iridescent/iridescent/iridescentCoconutSynth2/iridescentmicropython/ports/libmicropython/IRIDESCENT/cores-master/teensy4 -I/Users/iridescent/iridescent/iridescentCoconutSynth2/iridescentmicropython/ports/libmicropython/IRIDESCENT/FreeRTOS-Plus-POSIX/include -I/Users/iridescent/iridescent/iridescentCoconutSynth2/iridescentmicropython/ports/libmicropython/IRIDESCENT/SDL3-main/src -fno-exceptions -ffunction-sections -fdata-sections -fasynchronous-unwind-tables -mcpu=cortex-m7 -mfloat-abi=hard -mfpu=fpv5-d16 -mthumb -idirafter "/Users/iridescent/iridescent/iridescentCoconutSynth2/iridescentmicropython/ports/libmicropython/IRIDESCENT/SDL3-main/src/video/khronos" -maltivec -o CMakeFiles/cmTC_114ff.dir/src.c.obj -c /Users/iridescent/iridescent/iridescentCoconutSynth2/iridescentmicropython/ports/libmicropython/IRIDESCENT/SDL3-main/BUILD/CMakeFiles/CMakeScratch/TryCompile-51PtDb/src.c
arm-none-eabi-gcc: error: unrecognized command-line option '-maltivec'
make[2]: *** [CMakeFiles/cmTC_114ff.dir/src.c.obj] Error 1
make[1]: *** [cmTC_114ff/fast] Error 2


Source file was:

          vector unsigned int vzero() {
              return vec_splat_u32(0);
          }
          int main(int argc, char **argv) { return 0; }

Determining if the include file libunwind.h exists failed with the following output:
Change Dir: /Users/iridescent/iridescent/iridescentCoconutSynth2/iridescentmicropython/ports/libmicropython/IRIDESCENT/SDL3-main/BUILD/CMakeFiles/CMakeScratch/TryCompile-lcYKlG

Run Build Command(s):/usr/bin/make -f Makefile cmTC_86c5e/fast && /Applications/Xcode.app/Contents/Developer/usr/bin/make  -f CMakeFiles/cmTC_86c5e.dir/build.make CMakeFiles/cmTC_86c5e.dir/build
Building C object CMakeFiles/cmTC_86c5e.dir/CheckIncludeFile.c.obj
/Users/iridescent/iridescent/iridescentCoconutSynth2/arm-gnu-toolchain-12.2.mpacbti-bet1-darwin-x86_64-arm-none-eabi/bin/arm-none-eabi-gcc   -ggdb -O2 -D_POSIX_THREADS -DARDUINO_TEENSY41 -I/Users/iridescent/iridescent/iridescentCoconutSynth2/iridescentmicropython/ports/libmicropython/IRIDESCENT/freertos-teensy-master/src -I/Users/iridescent/iridescent/iridescentCoconutSynth2/iridescentmicropython/ports/libmicropython/IRIDESCENT/freertos-teensy-master/src -I/Users/iridescent/iridescent/iridescentCoconutSynth2/iridescentmicropython/ports/libmicropython/IRIDESCENT/freertos-teensy-master/lib/cpp/src -I/Users/iridescent/iridescent/iridescentCoconutSynth2/iridescentmicropython/ports/libmicropython/IRIDESCENT/cores-master/teensy4 -I/Users/iridescent/iridescent/iridescentCoconutSynth2/iridescentmicropython/ports/libmicropython/IRIDESCENT/FreeRTOS-Plus-POSIX/include -I/Users/iridescent/iridescent/iridescentCoconutSynth2/iridescentmicropython/ports/libmicropython/IRIDESCENT/SDL3-main/src -fno-exceptions -ffunction-sections -fdata-sections -fasynchronous-unwind-tables -mcpu=cortex-m7 -mfloat-abi=hard -mfpu=fpv5-d16 -mthumb -idirafter "/Users/iridescent/iridescent/iridescentCoconutSynth2/iridescentmicropython/ports/libmicropython/IRIDESCENT/SDL3-main/src/video/khronos"  -o CMakeFiles/cmTC_86c5e.dir/CheckIncludeFile.c.obj -c /Users/iridescent/iridescent/iridescentCoconutSynth2/iridescentmicropython/ports/libmicropython/IRIDESCENT/SDL3-main/BUILD/CMakeFiles/CMakeScratch/TryCompile-lcYKlG/CheckIncludeFile.c
/Users/iridescent/iridescent/iridescentCoconutSynth2/iridescentmicropython/ports/libmicropython/IRIDESCENT/SDL3-main/BUILD/CMakeFiles/CMakeScratch/TryCompile-lcYKlG/CheckIncludeFile.c:1:10: fatal error: libunwind.h: No such file or directory
    1 | #include <libunwind.h>
      |          ^~~~~~~~~~~~~
compilation terminated.
make[2]: *** [CMakeFiles/cmTC_86c5e.dir/CheckIncludeFile.c.obj] Error 1
make[1]: *** [cmTC_86c5e/fast] Error 2



Determining if the include file linux/input.h exists failed with the following output:
Change Dir: /Users/iridescent/iridescent/iridescentCoconutSynth2/iridescentmicropython/ports/libmicropython/IRIDESCENT/SDL3-main/BUILD/CMakeFiles/CMakeScratch/TryCompile-0P57nw

Run Build Command(s):/usr/bin/make -f Makefile cmTC_c504a/fast && /Applications/Xcode.app/Contents/Developer/usr/bin/make  -f CMakeFiles/cmTC_c504a.dir/build.make CMakeFiles/cmTC_c504a.dir/build
Building C object CMakeFiles/cmTC_c504a.dir/CheckIncludeFile.c.obj
/Users/iridescent/iridescent/iridescentCoconutSynth2/arm-gnu-toolchain-12.2.mpacbti-bet1-darwin-x86_64-arm-none-eabi/bin/arm-none-eabi-gcc   -ggdb -O2 -D_POSIX_THREADS -DARDUINO_TEENSY41 -I/Users/iridescent/iridescent/iridescentCoconutSynth2/iridescentmicropython/ports/libmicropython/IRIDESCENT/freertos-teensy-master/src -I/Users/iridescent/iridescent/iridescentCoconutSynth2/iridescentmicropython/ports/libmicropython/IRIDESCENT/freertos-teensy-master/src -I/Users/iridescent/iridescent/iridescentCoconutSynth2/iridescentmicropython/ports/libmicropython/IRIDESCENT/freertos-teensy-master/lib/cpp/src -I/Users/iridescent/iridescent/iridescentCoconutSynth2/iridescentmicropython/ports/libmicropython/IRIDESCENT/cores-master/teensy4 -I/Users/iridescent/iridescent/iridescentCoconutSynth2/iridescentmicropython/ports/libmicropython/IRIDESCENT/FreeRTOS-Plus-POSIX/include -I/Users/iridescent/iridescent/iridescentCoconutSynth2/iridescentmicropython/ports/libmicropython/IRIDESCENT/SDL3-main/src -fno-exceptions -ffunction-sections -fdata-sections -fasynchronous-unwind-tables -mcpu=cortex-m7 -mfloat-abi=hard -mfpu=fpv5-d16 -mthumb -idirafter "/Users/iridescent/iridescent/iridescentCoconutSynth2/iridescentmicropython/ports/libmicropython/IRIDESCENT/SDL3-main/src/video/khronos"  -o CMakeFiles/cmTC_c504a.dir/CheckIncludeFile.c.obj -c /Users/iridescent/iridescent/iridescentCoconutSynth2/iridescentmicropython/ports/libmicropython/IRIDESCENT/SDL3-main/BUILD/CMakeFiles/CMakeScratch/TryCompile-0P57nw/CheckIncludeFile.c
/Users/iridescent/iridescent/iridescentCoconutSynth2/iridescentmicropython/ports/libmicropython/IRIDESCENT/SDL3-main/BUILD/CMakeFiles/CMakeScratch/TryCompile-0P57nw/CheckIncludeFile.c:1:10: fatal error: linux/input.h: No such file or directory
    1 | #include <linux/input.h>
      |          ^~~~~~~~~~~~~~~
compilation terminated.
make[2]: *** [CMakeFiles/cmTC_c504a.dir/CheckIncludeFile.c.obj] Error 1
make[1]: *** [cmTC_c504a/fast] Error 2



Performing C SOURCE FILE Test HAVE_MPROTECT failed with the following output:
Change Dir: /Users/iridescent/iridescent/iridescentCoconutSynth2/iridescentmicropython/ports/libmicropython/IRIDESCENT/SDL3-main/BUILD/CMakeFiles/CMakeScratch/TryCompile-a5d4Pf

Run Build Command(s):/usr/bin/make -f Makefile cmTC_3c8de/fast && /Applications/Xcode.app/Contents/Developer/usr/bin/make  -f CMakeFiles/cmTC_3c8de.dir/build.make CMakeFiles/cmTC_3c8de.dir/build
Building C object CMakeFiles/cmTC_3c8de.dir/src.c.obj
/Users/iridescent/iridescent/iridescentCoconutSynth2/arm-gnu-toolchain-12.2.mpacbti-bet1-darwin-x86_64-arm-none-eabi/bin/arm-none-eabi-gcc -DHAVE_MPROTECT  -ggdb -O2 -D_POSIX_THREADS -DARDUINO_TEENSY41 -I/Users/iridescent/iridescent/iridescentCoconutSynth2/iridescentmicropython/ports/libmicropython/IRIDESCENT/freertos-teensy-master/src -I/Users/iridescent/iridescent/iridescentCoconutSynth2/iridescentmicropython/ports/libmicropython/IRIDESCENT/freertos-teensy-master/src -I/Users/iridescent/iridescent/iridescentCoconutSynth2/iridescentmicropython/ports/libmicropython/IRIDESCENT/freertos-teensy-master/lib/cpp/src -I/Users/iridescent/iridescent/iridescentCoconutSynth2/iridescentmicropython/ports/libmicropython/IRIDESCENT/cores-master/teensy4 -I/Users/iridescent/iridescent/iridescentCoconutSynth2/iridescentmicropython/ports/libmicropython/IRIDESCENT/FreeRTOS-Plus-POSIX/include -I/Users/iridescent/iridescent/iridescentCoconutSynth2/iridescentmicropython/ports/libmicropython/IRIDESCENT/SDL3-main/src -fno-exceptions -ffunction-sections -fdata-sections -fasynchronous-unwind-tables -mcpu=cortex-m7 -mfloat-abi=hard -mfpu=fpv5-d16 -mthumb -idirafter "/Users/iridescent/iridescent/iridescentCoconutSynth2/iridescentmicropython/ports/libmicropython/IRIDESCENT/SDL3-main/src/video/khronos"  -o CMakeFiles/cmTC_3c8de.dir/src.c.obj -c /Users/iridescent/iridescent/iridescentCoconutSynth2/iridescentmicropython/ports/libmicropython/IRIDESCENT/SDL3-main/BUILD/CMakeFiles/CMakeScratch/TryCompile-a5d4Pf/src.c
/Users/iridescent/iridescent/iridescentCoconutSynth2/iridescentmicropython/ports/libmicropython/IRIDESCENT/SDL3-main/BUILD/CMakeFiles/CMakeScratch/TryCompile-a5d4Pf/src.c:2:39: fatal error: sys/mman.h: No such file or directory
    2 |                              #include <sys/mman.h>
      |                                       ^~~~~~~~~~~~
compilation terminated.
make[2]: *** [CMakeFiles/cmTC_3c8de.dir/src.c.obj] Error 1
make[1]: *** [cmTC_3c8de/fast] Error 2


Source file was:
#include <sys/types.h>
                             #include <sys/mman.h>
                             int main(void) { return 0; }

Determining if the _strrev exist failed with the following output:
Change Dir: /Users/iridescent/iridescent/iridescentCoconutSynth2/iridescentmicropython/ports/libmicropython/IRIDESCENT/SDL3-main/BUILD/CMakeFiles/CMakeScratch/TryCompile-ZbIEx7

Run Build Command(s):/usr/bin/make -f Makefile cmTC_acfd7/fast && /Applications/Xcode.app/Contents/Developer/usr/bin/make  -f CMakeFiles/cmTC_acfd7.dir/build.make CMakeFiles/cmTC_acfd7.dir/build
Building C object CMakeFiles/cmTC_acfd7.dir/CheckSymbolExists.c.obj
/Users/iridescent/iridescent/iridescentCoconutSynth2/arm-gnu-toolchain-12.2.mpacbti-bet1-darwin-x86_64-arm-none-eabi/bin/arm-none-eabi-gcc   -ggdb -O2 -D_POSIX_THREADS -DARDUINO_TEENSY41 -I/Users/iridescent/iridescent/iridescentCoconutSynth2/iridescentmicropython/ports/libmicropython/IRIDESCENT/freertos-teensy-master/src -I/Users/iridescent/iridescent/iridescentCoconutSynth2/iridescentmicropython/ports/libmicropython/IRIDESCENT/freertos-teensy-master/src -I/Users/iridescent/iridescent/iridescentCoconutSynth2/iridescentmicropython/ports/libmicropython/IRIDESCENT/freertos-teensy-master/lib/cpp/src -I/Users/iridescent/iridescent/iridescentCoconutSynth2/iridescentmicropython/ports/libmicropython/IRIDESCENT/cores-master/teensy4 -I/Users/iridescent/iridescent/iridescentCoconutSynth2/iridescentmicropython/ports/libmicropython/IRIDESCENT/FreeRTOS-Plus-POSIX/include -I/Users/iridescent/iridescent/iridescentCoconutSynth2/iridescentmicropython/ports/libmicropython/IRIDESCENT/SDL3-main/src -fno-exceptions -ffunction-sections -fdata-sections -fasynchronous-unwind-tables -mcpu=cortex-m7 -mfloat-abi=hard -mfpu=fpv5-d16 -mthumb -idirafter "/Users/iridescent/iridescent/iridescentCoconutSynth2/iridescentmicropython/ports/libmicropython/IRIDESCENT/SDL3-main/src/video/khronos"  -o CMakeFiles/cmTC_acfd7.dir/CheckSymbolExists.c.obj -c /Users/iridescent/iridescent/iridescentCoconutSynth2/iridescentmicropython/ports/libmicropython/IRIDESCENT/SDL3-main/BUILD/CMakeFiles/CMakeScratch/TryCompile-ZbIEx7/CheckSymbolExists.c
/Users/iridescent/iridescent/iridescentCoconutSynth2/iridescentmicropython/ports/libmicropython/IRIDESCENT/SDL3-main/BUILD/CMakeFiles/CMakeScratch/TryCompile-ZbIEx7/CheckSymbolExists.c: In function 'main':
/Users/iridescent/iridescent/iridescentCoconutSynth2/iridescentmicropython/ports/libmicropython/IRIDESCENT/SDL3-main/BUILD/CMakeFiles/CMakeScratch/TryCompile-ZbIEx7/CheckSymbolExists.c:14:19: error: '_strrev' undeclared (first use in this function)
   14 |   return ((int*)(&_strrev))[argc];
      |                   ^~~~~~~
/Users/iridescent/iridescent/iridescentCoconutSynth2/iridescentmicropython/ports/libmicropython/IRIDESCENT/SDL3-main/BUILD/CMakeFiles/CMakeScratch/TryCompile-ZbIEx7/CheckSymbolExists.c:14:19: note: each undeclared identifier is reported only once for each function it appears in
make[2]: *** [CMakeFiles/cmTC_acfd7.dir/CheckSymbolExists.c.obj] Error 1
make[1]: *** [cmTC_acfd7/fast] Error 2


File CheckSymbolExists.c:
/* */
#include <stddef.h>
#include <stdarg.h>
#include <stdlib.h>
#include <string.h>
#include <stdio.h>
#include <wchar.h>
#include <float.h>

int main(int argc, char** argv)
{
  (void)argv;
#ifndef _strrev
  return ((int*)(&_strrev))[argc];
#else
  (void)argc;
  return 0;
#endif
}
Determining if the _strupr exist failed with the following output:
Change Dir: /Users/iridescent/iridescent/iridescentCoconutSynth2/iridescentmicropython/ports/libmicropython/IRIDESCENT/SDL3-main/BUILD/CMakeFiles/CMakeScratch/TryCompile-9gbnK3

Run Build Command(s):/usr/bin/make -f Makefile cmTC_9268c/fast && /Applications/Xcode.app/Contents/Developer/usr/bin/make  -f CMakeFiles/cmTC_9268c.dir/build.make CMakeFiles/cmTC_9268c.dir/build
Building C object CMakeFiles/cmTC_9268c.dir/CheckSymbolExists.c.obj
/Users/iridescent/iridescent/iridescentCoconutSynth2/arm-gnu-toolchain-12.2.mpacbti-bet1-darwin-x86_64-arm-none-eabi/bin/arm-none-eabi-gcc   -ggdb -O2 -D_POSIX_THREADS -DARDUINO_TEENSY41 -I/Users/iridescent/iridescent/iridescentCoconutSynth2/iridescentmicropython/ports/libmicropython/IRIDESCENT/freertos-teensy-master/src -I/Users/iridescent/iridescent/iridescentCoconutSynth2/iridescentmicropython/ports/libmicropython/IRIDESCENT/freertos-teensy-master/src -I/Users/iridescent/iridescent/iridescentCoconutSynth2/iridescentmicropython/ports/libmicropython/IRIDESCENT/freertos-teensy-master/lib/cpp/src -I/Users/iridescent/iridescent/iridescentCoconutSynth2/iridescentmicropython/ports/libmicropython/IRIDESCENT/cores-master/teensy4 -I/Users/iridescent/iridescent/iridescentCoconutSynth2/iridescentmicropython/ports/libmicropython/IRIDESCENT/FreeRTOS-Plus-POSIX/include -I/Users/iridescent/iridescent/iridescentCoconutSynth2/iridescentmicropython/ports/libmicropython/IRIDESCENT/SDL3-main/src -fno-exceptions -ffunction-sections -fdata-sections -fasynchronous-unwind-tables -mcpu=cortex-m7 -mfloat-abi=hard -mfpu=fpv5-d16 -mthumb -idirafter "/Users/iridescent/iridescent/iridescentCoconutSynth2/iridescentmicropython/ports/libmicropython/IRIDESCENT/SDL3-main/src/video/khronos"  -o CMakeFiles/cmTC_9268c.dir/CheckSymbolExists.c.obj -c /Users/iridescent/iridescent/iridescentCoconutSynth2/iridescentmicropython/ports/libmicropython/IRIDESCENT/SDL3-main/BUILD/CMakeFiles/CMakeScratch/TryCompile-9gbnK3/CheckSymbolExists.c
/Users/iridescent/iridescent/iridescentCoconutSynth2/iridescentmicropython/ports/libmicropython/IRIDESCENT/SDL3-main/BUILD/CMakeFiles/CMakeScratch/TryCompile-9gbnK3/CheckSymbolExists.c: In function 'main':
/Users/iridescent/iridescent/iridescentCoconutSynth2/iridescentmicropython/ports/libmicropython/IRIDESCENT/SDL3-main/BUILD/CMakeFiles/CMakeScratch/TryCompile-9gbnK3/CheckSymbolExists.c:14:19: error: '_strupr' undeclared (first use in this function); did you mean 'strupr'?
   14 |   return ((int*)(&_strupr))[argc];
      |                   ^~~~~~~
      |                   strupr
/Users/iridescent/iridescent/iridescentCoconutSynth2/iridescentmicropython/ports/libmicropython/IRIDESCENT/SDL3-main/BUILD/CMakeFiles/CMakeScratch/TryCompile-9gbnK3/CheckSymbolExists.c:14:19: note: each undeclared identifier is reported only once for each function it appears in
make[2]: *** [CMakeFiles/cmTC_9268c.dir/CheckSymbolExists.c.obj] Error 1
make[1]: *** [cmTC_9268c/fast] Error 2


File CheckSymbolExists.c:
/* */
#include <stddef.h>
#include <stdarg.h>
#include <stdlib.h>
#include <string.h>
#include <stdio.h>
#include <wchar.h>
#include <float.h>

int main(int argc, char** argv)
{
  (void)argv;
#ifndef _strupr
  return ((int*)(&_strupr))[argc];
#else
  (void)argc;
  return 0;
#endif
}
Determining if the _strlwr exist failed with the following output:
Change Dir: /Users/iridescent/iridescent/iridescentCoconutSynth2/iridescentmicropython/ports/libmicropython/IRIDESCENT/SDL3-main/BUILD/CMakeFiles/CMakeScratch/TryCompile-G05QH9

Run Build Command(s):/usr/bin/make -f Makefile cmTC_1844e/fast && /Applications/Xcode.app/Contents/Developer/usr/bin/make  -f CMakeFiles/cmTC_1844e.dir/build.make CMakeFiles/cmTC_1844e.dir/build
Building C object CMakeFiles/cmTC_1844e.dir/CheckSymbolExists.c.obj
/Users/iridescent/iridescent/iridescentCoconutSynth2/arm-gnu-toolchain-12.2.mpacbti-bet1-darwin-x86_64-arm-none-eabi/bin/arm-none-eabi-gcc   -ggdb -O2 -D_POSIX_THREADS -DARDUINO_TEENSY41 -I/Users/iridescent/iridescent/iridescentCoconutSynth2/iridescentmicropython/ports/libmicropython/IRIDESCENT/freertos-teensy-master/src -I/Users/iridescent/iridescent/iridescentCoconutSynth2/iridescentmicropython/ports/libmicropython/IRIDESCENT/freertos-teensy-master/src -I/Users/iridescent/iridescent/iridescentCoconutSynth2/iridescentmicropython/ports/libmicropython/IRIDESCENT/freertos-teensy-master/lib/cpp/src -I/Users/iridescent/iridescent/iridescentCoconutSynth2/iridescentmicropython/ports/libmicropython/IRIDESCENT/cores-master/teensy4 -I/Users/iridescent/iridescent/iridescentCoconutSynth2/iridescentmicropython/ports/libmicropython/IRIDESCENT/FreeRTOS-Plus-POSIX/include -I/Users/iridescent/iridescent/iridescentCoconutSynth2/iridescentmicropython/ports/libmicropython/IRIDESCENT/SDL3-main/src -fno-exceptions -ffunction-sections -fdata-sections -fasynchronous-unwind-tables -mcpu=cortex-m7 -mfloat-abi=hard -mfpu=fpv5-d16 -mthumb -idirafter "/Users/iridescent/iridescent/iridescentCoconutSynth2/iridescentmicropython/ports/libmicropython/IRIDESCENT/SDL3-main/src/video/khronos"  -o CMakeFiles/cmTC_1844e.dir/CheckSymbolExists.c.obj -c /Users/iridescent/iridescent/iridescentCoconutSynth2/iridescentmicropython/ports/libmicropython/IRIDESCENT/SDL3-main/BUILD/CMakeFiles/CMakeScratch/TryCompile-G05QH9/CheckSymbolExists.c
/Users/iridescent/iridescent/iridescentCoconutSynth2/iridescentmicropython/ports/libmicropython/IRIDESCENT/SDL3-main/BUILD/CMakeFiles/CMakeScratch/TryCompile-G05QH9/CheckSymbolExists.c: In function 'main':
/Users/iridescent/iridescent/iridescentCoconutSynth2/iridescentmicropython/ports/libmicropython/IRIDESCENT/SDL3-main/BUILD/CMakeFiles/CMakeScratch/TryCompile-G05QH9/CheckSymbolExists.c:14:19: error: '_strlwr' undeclared (first use in this function); did you mean 'strlwr'?
   14 |   return ((int*)(&_strlwr))[argc];
      |                   ^~~~~~~
      |                   strlwr
/Users/iridescent/iridescent/iridescentCoconutSynth2/iridescentmicropython/ports/libmicropython/IRIDESCENT/SDL3-main/BUILD/CMakeFiles/CMakeScratch/TryCompile-G05QH9/CheckSymbolExists.c:14:19: note: each undeclared identifier is reported only once for each function it appears in
make[2]: *** [CMakeFiles/cmTC_1844e.dir/CheckSymbolExists.c.obj] Error 1
make[1]: *** [cmTC_1844e/fast] Error 2


File CheckSymbolExists.c:
/* */
#include <stddef.h>
#include <stdarg.h>
#include <stdlib.h>
#include <string.h>
#include <stdio.h>
#include <wchar.h>
#include <float.h>

int main(int argc, char** argv)
{
  (void)argv;
#ifndef _strlwr
  return ((int*)(&_strlwr))[argc];
#else
  (void)argc;
  return 0;
#endif
}
Determining if the _ltoa exist failed with the following output:
Change Dir: /Users/iridescent/iridescent/iridescentCoconutSynth2/iridescentmicropython/ports/libmicropython/IRIDESCENT/SDL3-main/BUILD/CMakeFiles/CMakeScratch/TryCompile-sNLBUm

Run Build Command(s):/usr/bin/make -f Makefile cmTC_7ef0b/fast && /Applications/Xcode.app/Contents/Developer/usr/bin/make  -f CMakeFiles/cmTC_7ef0b.dir/build.make CMakeFiles/cmTC_7ef0b.dir/build
Building C object CMakeFiles/cmTC_7ef0b.dir/CheckSymbolExists.c.obj
/Users/iridescent/iridescent/iridescentCoconutSynth2/arm-gnu-toolchain-12.2.mpacbti-bet1-darwin-x86_64-arm-none-eabi/bin/arm-none-eabi-gcc   -ggdb -O2 -D_POSIX_THREADS -DARDUINO_TEENSY41 -I/Users/iridescent/iridescent/iridescentCoconutSynth2/iridescentmicropython/ports/libmicropython/IRIDESCENT/freertos-teensy-master/src -I/Users/iridescent/iridescent/iridescentCoconutSynth2/iridescentmicropython/ports/libmicropython/IRIDESCENT/freertos-teensy-master/src -I/Users/iridescent/iridescent/iridescentCoconutSynth2/iridescentmicropython/ports/libmicropython/IRIDESCENT/freertos-teensy-master/lib/cpp/src -I/Users/iridescent/iridescent/iridescentCoconutSynth2/iridescentmicropython/ports/libmicropython/IRIDESCENT/cores-master/teensy4 -I/Users/iridescent/iridescent/iridescentCoconutSynth2/iridescentmicropython/ports/libmicropython/IRIDESCENT/FreeRTOS-Plus-POSIX/include -I/Users/iridescent/iridescent/iridescentCoconutSynth2/iridescentmicropython/ports/libmicropython/IRIDESCENT/SDL3-main/src -fno-exceptions -ffunction-sections -fdata-sections -fasynchronous-unwind-tables -mcpu=cortex-m7 -mfloat-abi=hard -mfpu=fpv5-d16 -mthumb -idirafter "/Users/iridescent/iridescent/iridescentCoconutSynth2/iridescentmicropython/ports/libmicropython/IRIDESCENT/SDL3-main/src/video/khronos"  -o CMakeFiles/cmTC_7ef0b.dir/CheckSymbolExists.c.obj -c /Users/iridescent/iridescent/iridescentCoconutSynth2/iridescentmicropython/ports/libmicropython/IRIDESCENT/SDL3-main/BUILD/CMakeFiles/CMakeScratch/TryCompile-sNLBUm/CheckSymbolExists.c
/Users/iridescent/iridescent/iridescentCoconutSynth2/iridescentmicropython/ports/libmicropython/IRIDESCENT/SDL3-main/BUILD/CMakeFiles/CMakeScratch/TryCompile-sNLBUm/CheckSymbolExists.c: In function 'main':
/Users/iridescent/iridescent/iridescentCoconutSynth2/iridescentmicropython/ports/libmicropython/IRIDESCENT/SDL3-main/BUILD/CMakeFiles/CMakeScratch/TryCompile-sNLBUm/CheckSymbolExists.c:14:19: error: '_ltoa' undeclared (first use in this function)
   14 |   return ((int*)(&_ltoa))[argc];
      |                   ^~~~~
/Users/iridescent/iridescent/iridescentCoconutSynth2/iridescentmicropython/ports/libmicropython/IRIDESCENT/SDL3-main/BUILD/CMakeFiles/CMakeScratch/TryCompile-sNLBUm/CheckSymbolExists.c:14:19: note: each undeclared identifier is reported only once for each function it appears in
make[2]: *** [CMakeFiles/cmTC_7ef0b.dir/CheckSymbolExists.c.obj] Error 1
make[1]: *** [cmTC_7ef0b/fast] Error 2


File CheckSymbolExists.c:
/* */
#include <stddef.h>
#include <stdarg.h>
#include <stdlib.h>
#include <string.h>
#include <stdio.h>
#include <wchar.h>
#include <float.h>

int main(int argc, char** argv)
{
  (void)argv;
#ifndef _ltoa
  return ((int*)(&_ltoa))[argc];
#else
  (void)argc;
  return 0;
#endif
}
Determining if the _uitoa exist failed with the following output:
Change Dir: /Users/iridescent/iridescent/iridescentCoconutSynth2/iridescentmicropython/ports/libmicropython/IRIDESCENT/SDL3-main/BUILD/CMakeFiles/CMakeScratch/TryCompile-0IjMSx

Run Build Command(s):/usr/bin/make -f Makefile cmTC_bec1f/fast && /Applications/Xcode.app/Contents/Developer/usr/bin/make  -f CMakeFiles/cmTC_bec1f.dir/build.make CMakeFiles/cmTC_bec1f.dir/build
Building C object CMakeFiles/cmTC_bec1f.dir/CheckSymbolExists.c.obj
/Users/iridescent/iridescent/iridescentCoconutSynth2/arm-gnu-toolchain-12.2.mpacbti-bet1-darwin-x86_64-arm-none-eabi/bin/arm-none-eabi-gcc   -ggdb -O2 -D_POSIX_THREADS -DARDUINO_TEENSY41 -I/Users/iridescent/iridescent/iridescentCoconutSynth2/iridescentmicropython/ports/libmicropython/IRIDESCENT/freertos-teensy-master/src -I/Users/iridescent/iridescent/iridescentCoconutSynth2/iridescentmicropython/ports/libmicropython/IRIDESCENT/freertos-teensy-master/src -I/Users/iridescent/iridescent/iridescentCoconutSynth2/iridescentmicropython/ports/libmicropython/IRIDESCENT/freertos-teensy-master/lib/cpp/src -I/Users/iridescent/iridescent/iridescentCoconutSynth2/iridescentmicropython/ports/libmicropython/IRIDESCENT/cores-master/teensy4 -I/Users/iridescent/iridescent/iridescentCoconutSynth2/iridescentmicropython/ports/libmicropython/IRIDESCENT/FreeRTOS-Plus-POSIX/include -I/Users/iridescent/iridescent/iridescentCoconutSynth2/iridescentmicropython/ports/libmicropython/IRIDESCENT/SDL3-main/src -fno-exceptions -ffunction-sections -fdata-sections -fasynchronous-unwind-tables -mcpu=cortex-m7 -mfloat-abi=hard -mfpu=fpv5-d16 -mthumb -idirafter "/Users/iridescent/iridescent/iridescentCoconutSynth2/iridescentmicropython/ports/libmicropython/IRIDESCENT/SDL3-main/src/video/khronos"  -o CMakeFiles/cmTC_bec1f.dir/CheckSymbolExists.c.obj -c /Users/iridescent/iridescent/iridescentCoconutSynth2/iridescentmicropython/ports/libmicropython/IRIDESCENT/SDL3-main/BUILD/CMakeFiles/CMakeScratch/TryCompile-0IjMSx/CheckSymbolExists.c
/Users/iridescent/iridescent/iridescentCoconutSynth2/iridescentmicropython/ports/libmicropython/IRIDESCENT/SDL3-main/BUILD/CMakeFiles/CMakeScratch/TryCompile-0IjMSx/CheckSymbolExists.c: In function 'main':
/Users/iridescent/iridescent/iridescentCoconutSynth2/iridescentmicropython/ports/libmicropython/IRIDESCENT/SDL3-main/BUILD/CMakeFiles/CMakeScratch/TryCompile-0IjMSx/CheckSymbolExists.c:14:19: error: '_uitoa' undeclared (first use in this function); did you mean '__itoa'?
   14 |   return ((int*)(&_uitoa))[argc];
      |                   ^~~~~~
      |                   __itoa
/Users/iridescent/iridescent/iridescentCoconutSynth2/iridescentmicropython/ports/libmicropython/IRIDESCENT/SDL3-main/BUILD/CMakeFiles/CMakeScratch/TryCompile-0IjMSx/CheckSymbolExists.c:14:19: note: each undeclared identifier is reported only once for each function it appears in
make[2]: *** [CMakeFiles/cmTC_bec1f.dir/CheckSymbolExists.c.obj] Error 1
make[1]: *** [cmTC_bec1f/fast] Error 2


File CheckSymbolExists.c:
/* */
#include <stddef.h>
#include <stdarg.h>
#include <stdlib.h>
#include <string.h>
#include <stdio.h>
#include <wchar.h>
#include <float.h>

int main(int argc, char** argv)
{
  (void)argv;
#ifndef _uitoa
  return ((int*)(&_uitoa))[argc];
#else
  (void)argc;
  return 0;
#endif
}
Determining if the _ultoa exist failed with the following output:
Change Dir: /Users/iridescent/iridescent/iridescentCoconutSynth2/iridescentmicropython/ports/libmicropython/IRIDESCENT/SDL3-main/BUILD/CMakeFiles/CMakeScratch/TryCompile-EfdfG1

Run Build Command(s):/usr/bin/make -f Makefile cmTC_cf5e4/fast && /Applications/Xcode.app/Contents/Developer/usr/bin/make  -f CMakeFiles/cmTC_cf5e4.dir/build.make CMakeFiles/cmTC_cf5e4.dir/build
Building C object CMakeFiles/cmTC_cf5e4.dir/CheckSymbolExists.c.obj
/Users/iridescent/iridescent/iridescentCoconutSynth2/arm-gnu-toolchain-12.2.mpacbti-bet1-darwin-x86_64-arm-none-eabi/bin/arm-none-eabi-gcc   -ggdb -O2 -D_POSIX_THREADS -DARDUINO_TEENSY41 -I/Users/iridescent/iridescent/iridescentCoconutSynth2/iridescentmicropython/ports/libmicropython/IRIDESCENT/freertos-teensy-master/src -I/Users/iridescent/iridescent/iridescentCoconutSynth2/iridescentmicropython/ports/libmicropython/IRIDESCENT/freertos-teensy-master/src -I/Users/iridescent/iridescent/iridescentCoconutSynth2/iridescentmicropython/ports/libmicropython/IRIDESCENT/freertos-teensy-master/lib/cpp/src -I/Users/iridescent/iridescent/iridescentCoconutSynth2/iridescentmicropython/ports/libmicropython/IRIDESCENT/cores-master/teensy4 -I/Users/iridescent/iridescent/iridescentCoconutSynth2/iridescentmicropython/ports/libmicropython/IRIDESCENT/FreeRTOS-Plus-POSIX/include -I/Users/iridescent/iridescent/iridescentCoconutSynth2/iridescentmicropython/ports/libmicropython/IRIDESCENT/SDL3-main/src -fno-exceptions -ffunction-sections -fdata-sections -fasynchronous-unwind-tables -mcpu=cortex-m7 -mfloat-abi=hard -mfpu=fpv5-d16 -mthumb -idirafter "/Users/iridescent/iridescent/iridescentCoconutSynth2/iridescentmicropython/ports/libmicropython/IRIDESCENT/SDL3-main/src/video/khronos"  -o CMakeFiles/cmTC_cf5e4.dir/CheckSymbolExists.c.obj -c /Users/iridescent/iridescent/iridescentCoconutSynth2/iridescentmicropython/ports/libmicropython/IRIDESCENT/SDL3-main/BUILD/CMakeFiles/CMakeScratch/TryCompile-EfdfG1/CheckSymbolExists.c
/Users/iridescent/iridescent/iridescentCoconutSynth2/iridescentmicropython/ports/libmicropython/IRIDESCENT/SDL3-main/BUILD/CMakeFiles/CMakeScratch/TryCompile-EfdfG1/CheckSymbolExists.c: In function 'main':
/Users/iridescent/iridescent/iridescentCoconutSynth2/iridescentmicropython/ports/libmicropython/IRIDESCENT/SDL3-main/BUILD/CMakeFiles/CMakeScratch/TryCompile-EfdfG1/CheckSymbolExists.c:14:19: error: '_ultoa' undeclared (first use in this function); did you mean 'utoa'?
   14 |   return ((int*)(&_ultoa))[argc];
      |                   ^~~~~~
      |                   utoa
/Users/iridescent/iridescent/iridescentCoconutSynth2/iridescentmicropython/ports/libmicropython/IRIDESCENT/SDL3-main/BUILD/CMakeFiles/CMakeScratch/TryCompile-EfdfG1/CheckSymbolExists.c:14:19: note: each undeclared identifier is reported only once for each function it appears in
make[2]: *** [CMakeFiles/cmTC_cf5e4.dir/CheckSymbolExists.c.obj] Error 1
make[1]: *** [cmTC_cf5e4/fast] Error 2


File CheckSymbolExists.c:
/* */
#include <stddef.h>
#include <stdarg.h>
#include <stdlib.h>
#include <string.h>
#include <stdio.h>
#include <wchar.h>
#include <float.h>

int main(int argc, char** argv)
{
  (void)argv;
#ifndef _ultoa
  return ((int*)(&_ultoa))[argc];
#else
  (void)argc;
  return 0;
#endif
}
Determining if the _i64toa exist failed with the following output:
Change Dir: /Users/iridescent/iridescent/iridescentCoconutSynth2/iridescentmicropython/ports/libmicropython/IRIDESCENT/SDL3-main/BUILD/CMakeFiles/CMakeScratch/TryCompile-JmQdBm

Run Build Command(s):/usr/bin/make -f Makefile cmTC_5fa67/fast && /Applications/Xcode.app/Contents/Developer/usr/bin/make  -f CMakeFiles/cmTC_5fa67.dir/build.make CMakeFiles/cmTC_5fa67.dir/build
Building C object CMakeFiles/cmTC_5fa67.dir/CheckSymbolExists.c.obj
/Users/iridescent/iridescent/iridescentCoconutSynth2/arm-gnu-toolchain-12.2.mpacbti-bet1-darwin-x86_64-arm-none-eabi/bin/arm-none-eabi-gcc   -ggdb -O2 -D_POSIX_THREADS -DARDUINO_TEENSY41 -I/Users/iridescent/iridescent/iridescentCoconutSynth2/iridescentmicropython/ports/libmicropython/IRIDESCENT/freertos-teensy-master/src -I/Users/iridescent/iridescent/iridescentCoconutSynth2/iridescentmicropython/ports/libmicropython/IRIDESCENT/freertos-teensy-master/src -I/Users/iridescent/iridescent/iridescentCoconutSynth2/iridescentmicropython/ports/libmicropython/IRIDESCENT/freertos-teensy-master/lib/cpp/src -I/Users/iridescent/iridescent/iridescentCoconutSynth2/iridescentmicropython/ports/libmicropython/IRIDESCENT/cores-master/teensy4 -I/Users/iridescent/iridescent/iridescentCoconutSynth2/iridescentmicropython/ports/libmicropython/IRIDESCENT/FreeRTOS-Plus-POSIX/include -I/Users/iridescent/iridescent/iridescentCoconutSynth2/iridescentmicropython/ports/libmicropython/IRIDESCENT/SDL3-main/src -fno-exceptions -ffunction-sections -fdata-sections -fasynchronous-unwind-tables -mcpu=cortex-m7 -mfloat-abi=hard -mfpu=fpv5-d16 -mthumb -idirafter "/Users/iridescent/iridescent/iridescentCoconutSynth2/iridescentmicropython/ports/libmicropython/IRIDESCENT/SDL3-main/src/video/khronos"  -o CMakeFiles/cmTC_5fa67.dir/CheckSymbolExists.c.obj -c /Users/iridescent/iridescent/iridescentCoconutSynth2/iridescentmicropython/ports/libmicropython/IRIDESCENT/SDL3-main/BUILD/CMakeFiles/CMakeScratch/TryCompile-JmQdBm/CheckSymbolExists.c
/Users/iridescent/iridescent/iridescentCoconutSynth2/iridescentmicropython/ports/libmicropython/IRIDESCENT/SDL3-main/BUILD/CMakeFiles/CMakeScratch/TryCompile-JmQdBm/CheckSymbolExists.c: In function 'main':
/Users/iridescent/iridescent/iridescentCoconutSynth2/iridescentmicropython/ports/libmicropython/IRIDESCENT/SDL3-main/BUILD/CMakeFiles/CMakeScratch/TryCompile-JmQdBm/CheckSymbolExists.c:14:19: error: '_i64toa' undeclared (first use in this function); did you mean 'itoa'?
   14 |   return ((int*)(&_i64toa))[argc];
      |                   ^~~~~~~
      |                   itoa
/Users/iridescent/iridescent/iridescentCoconutSynth2/iridescentmicropython/ports/libmicropython/IRIDESCENT/SDL3-main/BUILD/CMakeFiles/CMakeScratch/TryCompile-JmQdBm/CheckSymbolExists.c:14:19: note: each undeclared identifier is reported only once for each function it appears in
make[2]: *** [CMakeFiles/cmTC_5fa67.dir/CheckSymbolExists.c.obj] Error 1
make[1]: *** [cmTC_5fa67/fast] Error 2


File CheckSymbolExists.c:
/* */
#include <stddef.h>
#include <stdarg.h>
#include <stdlib.h>
#include <string.h>
#include <stdio.h>
#include <wchar.h>
#include <float.h>

int main(int argc, char** argv)
{
  (void)argv;
#ifndef _i64toa
  return ((int*)(&_i64toa))[argc];
#else
  (void)argc;
  return 0;
#endif
}
Determining if the _ui64toa exist failed with the following output:
Change Dir: /Users/iridescent/iridescent/iridescentCoconutSynth2/iridescentmicropython/ports/libmicropython/IRIDESCENT/SDL3-main/BUILD/CMakeFiles/CMakeScratch/TryCompile-W7gKqK

Run Build Command(s):/usr/bin/make -f Makefile cmTC_fb90f/fast && /Applications/Xcode.app/Contents/Developer/usr/bin/make  -f CMakeFiles/cmTC_fb90f.dir/build.make CMakeFiles/cmTC_fb90f.dir/build
Building C object CMakeFiles/cmTC_fb90f.dir/CheckSymbolExists.c.obj
/Users/iridescent/iridescent/iridescentCoconutSynth2/arm-gnu-toolchain-12.2.mpacbti-bet1-darwin-x86_64-arm-none-eabi/bin/arm-none-eabi-gcc   -ggdb -O2 -D_POSIX_THREADS -DARDUINO_TEENSY41 -I/Users/iridescent/iridescent/iridescentCoconutSynth2/iridescentmicropython/ports/libmicropython/IRIDESCENT/freertos-teensy-master/src -I/Users/iridescent/iridescent/iridescentCoconutSynth2/iridescentmicropython/ports/libmicropython/IRIDESCENT/freertos-teensy-master/src -I/Users/iridescent/iridescent/iridescentCoconutSynth2/iridescentmicropython/ports/libmicropython/IRIDESCENT/freertos-teensy-master/lib/cpp/src -I/Users/iridescent/iridescent/iridescentCoconutSynth2/iridescentmicropython/ports/libmicropython/IRIDESCENT/cores-master/teensy4 -I/Users/iridescent/iridescent/iridescentCoconutSynth2/iridescentmicropython/ports/libmicropython/IRIDESCENT/FreeRTOS-Plus-POSIX/include -I/Users/iridescent/iridescent/iridescentCoconutSynth2/iridescentmicropython/ports/libmicropython/IRIDESCENT/SDL3-main/src -fno-exceptions -ffunction-sections -fdata-sections -fasynchronous-unwind-tables -mcpu=cortex-m7 -mfloat-abi=hard -mfpu=fpv5-d16 -mthumb -idirafter "/Users/iridescent/iridescent/iridescentCoconutSynth2/iridescentmicropython/ports/libmicropython/IRIDESCENT/SDL3-main/src/video/khronos"  -o CMakeFiles/cmTC_fb90f.dir/CheckSymbolExists.c.obj -c /Users/iridescent/iridescent/iridescentCoconutSynth2/iridescentmicropython/ports/libmicropython/IRIDESCENT/SDL3-main/BUILD/CMakeFiles/CMakeScratch/TryCompile-W7gKqK/CheckSymbolExists.c
/Users/iridescent/iridescent/iridescentCoconutSynth2/iridescentmicropython/ports/libmicropython/IRIDESCENT/SDL3-main/BUILD/CMakeFiles/CMakeScratch/TryCompile-W7gKqK/CheckSymbolExists.c: In function 'main':
/Users/iridescent/iridescent/iridescentCoconutSynth2/iridescentmicropython/ports/libmicropython/IRIDESCENT/SDL3-main/BUILD/CMakeFiles/CMakeScratch/TryCompile-W7gKqK/CheckSymbolExists.c:14:19: error: '_ui64toa' undeclared (first use in this function); did you mean '__itoa'?
   14 |   return ((int*)(&_ui64toa))[argc];
      |                   ^~~~~~~~
      |                   __itoa
/Users/iridescent/iridescent/iridescentCoconutSynth2/iridescentmicropython/ports/libmicropython/IRIDESCENT/SDL3-main/BUILD/CMakeFiles/CMakeScratch/TryCompile-W7gKqK/CheckSymbolExists.c:14:19: note: each undeclared identifier is reported only once for each function it appears in
make[2]: *** [CMakeFiles/cmTC_fb90f.dir/CheckSymbolExists.c.obj] Error 1
make[1]: *** [cmTC_fb90f/fast] Error 2


File CheckSymbolExists.c:
/* */
#include <stddef.h>
#include <stdarg.h>
#include <stdlib.h>
#include <string.h>
#include <stdio.h>
#include <wchar.h>
#include <float.h>

int main(int argc, char** argv)
{
  (void)argv;
#ifndef _ui64toa
  return ((int*)(&_ui64toa))[argc];
#else
  (void)argc;
  return 0;
#endif
}
Determining if the _stricmp exist failed with the following output:
Change Dir: /Users/iridescent/iridescent/iridescentCoconutSynth2/iridescentmicropython/ports/libmicropython/IRIDESCENT/SDL3-main/BUILD/CMakeFiles/CMakeScratch/TryCompile-GsNeHS

Run Build Command(s):/usr/bin/make -f Makefile cmTC_2b73e/fast && /Applications/Xcode.app/Contents/Developer/usr/bin/make  -f CMakeFiles/cmTC_2b73e.dir/build.make CMakeFiles/cmTC_2b73e.dir/build
Building C object CMakeFiles/cmTC_2b73e.dir/CheckSymbolExists.c.obj
/Users/iridescent/iridescent/iridescentCoconutSynth2/arm-gnu-toolchain-12.2.mpacbti-bet1-darwin-x86_64-arm-none-eabi/bin/arm-none-eabi-gcc   -ggdb -O2 -D_POSIX_THREADS -DARDUINO_TEENSY41 -I/Users/iridescent/iridescent/iridescentCoconutSynth2/iridescentmicropython/ports/libmicropython/IRIDESCENT/freertos-teensy-master/src -I/Users/iridescent/iridescent/iridescentCoconutSynth2/iridescentmicropython/ports/libmicropython/IRIDESCENT/freertos-teensy-master/src -I/Users/iridescent/iridescent/iridescentCoconutSynth2/iridescentmicropython/ports/libmicropython/IRIDESCENT/freertos-teensy-master/lib/cpp/src -I/Users/iridescent/iridescent/iridescentCoconutSynth2/iridescentmicropython/ports/libmicropython/IRIDESCENT/cores-master/teensy4 -I/Users/iridescent/iridescent/iridescentCoconutSynth2/iridescentmicropython/ports/libmicropython/IRIDESCENT/FreeRTOS-Plus-POSIX/include -I/Users/iridescent/iridescent/iridescentCoconutSynth2/iridescentmicropython/ports/libmicropython/IRIDESCENT/SDL3-main/src -fno-exceptions -ffunction-sections -fdata-sections -fasynchronous-unwind-tables -mcpu=cortex-m7 -mfloat-abi=hard -mfpu=fpv5-d16 -mthumb -idirafter "/Users/iridescent/iridescent/iridescentCoconutSynth2/iridescentmicropython/ports/libmicropython/IRIDESCENT/SDL3-main/src/video/khronos"  -o CMakeFiles/cmTC_2b73e.dir/CheckSymbolExists.c.obj -c /Users/iridescent/iridescent/iridescentCoconutSynth2/iridescentmicropython/ports/libmicropython/IRIDESCENT/SDL3-main/BUILD/CMakeFiles/CMakeScratch/TryCompile-GsNeHS/CheckSymbolExists.c
/Users/iridescent/iridescent/iridescentCoconutSynth2/iridescentmicropython/ports/libmicropython/IRIDESCENT/SDL3-main/BUILD/CMakeFiles/CMakeScratch/TryCompile-GsNeHS/CheckSymbolExists.c: In function 'main':
/Users/iridescent/iridescent/iridescentCoconutSynth2/iridescentmicropython/ports/libmicropython/IRIDESCENT/SDL3-main/BUILD/CMakeFiles/CMakeScratch/TryCompile-GsNeHS/CheckSymbolExists.c:14:19: error: '_stricmp' undeclared (first use in this function); did you mean 'strncmp'?
   14 |   return ((int*)(&_stricmp))[argc];
      |                   ^~~~~~~~
      |                   strncmp
/Users/iridescent/iridescent/iridescentCoconutSynth2/iridescentmicropython/ports/libmicropython/IRIDESCENT/SDL3-main/BUILD/CMakeFiles/CMakeScratch/TryCompile-GsNeHS/CheckSymbolExists.c:14:19: note: each undeclared identifier is reported only once for each function it appears in
make[2]: *** [CMakeFiles/cmTC_2b73e.dir/CheckSymbolExists.c.obj] Error 1
make[1]: *** [cmTC_2b73e/fast] Error 2


File CheckSymbolExists.c:
/* */
#include <stddef.h>
#include <stdarg.h>
#include <stdlib.h>
#include <string.h>
#include <stdio.h>
#include <wchar.h>
#include <float.h>

int main(int argc, char** argv)
{
  (void)argv;
#ifndef _stricmp
  return ((int*)(&_stricmp))[argc];
#else
  (void)argc;
  return 0;
#endif
}
Determining if the _strnicmp exist failed with the following output:
Change Dir: /Users/iridescent/iridescent/iridescentCoconutSynth2/iridescentmicropython/ports/libmicropython/IRIDESCENT/SDL3-main/BUILD/CMakeFiles/CMakeScratch/TryCompile-bC56GB

Run Build Command(s):/usr/bin/make -f Makefile cmTC_db35b/fast && /Applications/Xcode.app/Contents/Developer/usr/bin/make  -f CMakeFiles/cmTC_db35b.dir/build.make CMakeFiles/cmTC_db35b.dir/build
Building C object CMakeFiles/cmTC_db35b.dir/CheckSymbolExists.c.obj
/Users/iridescent/iridescent/iridescentCoconutSynth2/arm-gnu-toolchain-12.2.mpacbti-bet1-darwin-x86_64-arm-none-eabi/bin/arm-none-eabi-gcc   -ggdb -O2 -D_POSIX_THREADS -DARDUINO_TEENSY41 -I/Users/iridescent/iridescent/iridescentCoconutSynth2/iridescentmicropython/ports/libmicropython/IRIDESCENT/freertos-teensy-master/src -I/Users/iridescent/iridescent/iridescentCoconutSynth2/iridescentmicropython/ports/libmicropython/IRIDESCENT/freertos-teensy-master/src -I/Users/iridescent/iridescent/iridescentCoconutSynth2/iridescentmicropython/ports/libmicropython/IRIDESCENT/freertos-teensy-master/lib/cpp/src -I/Users/iridescent/iridescent/iridescentCoconutSynth2/iridescentmicropython/ports/libmicropython/IRIDESCENT/cores-master/teensy4 -I/Users/iridescent/iridescent/iridescentCoconutSynth2/iridescentmicropython/ports/libmicropython/IRIDESCENT/FreeRTOS-Plus-POSIX/include -I/Users/iridescent/iridescent/iridescentCoconutSynth2/iridescentmicropython/ports/libmicropython/IRIDESCENT/SDL3-main/src -fno-exceptions -ffunction-sections -fdata-sections -fasynchronous-unwind-tables -mcpu=cortex-m7 -mfloat-abi=hard -mfpu=fpv5-d16 -mthumb -idirafter "/Users/iridescent/iridescent/iridescentCoconutSynth2/iridescentmicropython/ports/libmicropython/IRIDESCENT/SDL3-main/src/video/khronos"  -o CMakeFiles/cmTC_db35b.dir/CheckSymbolExists.c.obj -c /Users/iridescent/iridescent/iridescentCoconutSynth2/iridescentmicropython/ports/libmicropython/IRIDESCENT/SDL3-main/BUILD/CMakeFiles/CMakeScratch/TryCompile-bC56GB/CheckSymbolExists.c
/Users/iridescent/iridescent/iridescentCoconutSynth2/iridescentmicropython/ports/libmicropython/IRIDESCENT/SDL3-main/BUILD/CMakeFiles/CMakeScratch/TryCompile-bC56GB/CheckSymbolExists.c: In function 'main':
/Users/iridescent/iridescent/iridescentCoconutSynth2/iridescentmicropython/ports/libmicropython/IRIDESCENT/SDL3-main/BUILD/CMakeFiles/CMakeScratch/TryCompile-bC56GB/CheckSymbolExists.c:14:19: error: '_strnicmp' undeclared (first use in this function); did you mean 'strncmp'?
   14 |   return ((int*)(&_strnicmp))[argc];
      |                   ^~~~~~~~~
      |                   strncmp
/Users/iridescent/iridescent/iridescentCoconutSynth2/iridescentmicropython/ports/libmicropython/IRIDESCENT/SDL3-main/BUILD/CMakeFiles/CMakeScratch/TryCompile-bC56GB/CheckSymbolExists.c:14:19: note: each undeclared identifier is reported only once for each function it appears in
make[2]: *** [CMakeFiles/cmTC_db35b.dir/CheckSymbolExists.c.obj] Error 1
make[1]: *** [cmTC_db35b/fast] Error 2


File CheckSymbolExists.c:
/* */
#include <stddef.h>
#include <stdarg.h>
#include <stdlib.h>
#include <string.h>
#include <stdio.h>
#include <wchar.h>
#include <float.h>

int main(int argc, char** argv)
{
  (void)argv;
#ifndef _strnicmp
  return ((int*)(&_strnicmp))[argc];
#else
  (void)argc;
  return 0;
#endif
}
Determining if the strcasestr exist failed with the following output:
Change Dir: /Users/iridescent/iridescent/iridescentCoconutSynth2/iridescentmicropython/ports/libmicropython/IRIDESCENT/SDL3-main/BUILD/CMakeFiles/CMakeScratch/TryCompile-JMSfnB

Run Build Command(s):/usr/bin/make -f Makefile cmTC_8133f/fast && /Applications/Xcode.app/Contents/Developer/usr/bin/make  -f CMakeFiles/cmTC_8133f.dir/build.make CMakeFiles/cmTC_8133f.dir/build
Building C object CMakeFiles/cmTC_8133f.dir/CheckSymbolExists.c.obj
/Users/iridescent/iridescent/iridescentCoconutSynth2/arm-gnu-toolchain-12.2.mpacbti-bet1-darwin-x86_64-arm-none-eabi/bin/arm-none-eabi-gcc   -ggdb -O2 -D_POSIX_THREADS -DARDUINO_TEENSY41 -I/Users/iridescent/iridescent/iridescentCoconutSynth2/iridescentmicropython/ports/libmicropython/IRIDESCENT/freertos-teensy-master/src -I/Users/iridescent/iridescent/iridescentCoconutSynth2/iridescentmicropython/ports/libmicropython/IRIDESCENT/freertos-teensy-master/src -I/Users/iridescent/iridescent/iridescentCoconutSynth2/iridescentmicropython/ports/libmicropython/IRIDESCENT/freertos-teensy-master/lib/cpp/src -I/Users/iridescent/iridescent/iridescentCoconutSynth2/iridescentmicropython/ports/libmicropython/IRIDESCENT/cores-master/teensy4 -I/Users/iridescent/iridescent/iridescentCoconutSynth2/iridescentmicropython/ports/libmicropython/IRIDESCENT/FreeRTOS-Plus-POSIX/include -I/Users/iridescent/iridescent/iridescentCoconutSynth2/iridescentmicropython/ports/libmicropython/IRIDESCENT/SDL3-main/src -fno-exceptions -ffunction-sections -fdata-sections -fasynchronous-unwind-tables -mcpu=cortex-m7 -mfloat-abi=hard -mfpu=fpv5-d16 -mthumb -idirafter "/Users/iridescent/iridescent/iridescentCoconutSynth2/iridescentmicropython/ports/libmicropython/IRIDESCENT/SDL3-main/src/video/khronos"  -o CMakeFiles/cmTC_8133f.dir/CheckSymbolExists.c.obj -c /Users/iridescent/iridescent/iridescentCoconutSynth2/iridescentmicropython/ports/libmicropython/IRIDESCENT/SDL3-main/BUILD/CMakeFiles/CMakeScratch/TryCompile-JMSfnB/CheckSymbolExists.c
/Users/iridescent/iridescent/iridescentCoconutSynth2/iridescentmicropython/ports/libmicropython/IRIDESCENT/SDL3-main/BUILD/CMakeFiles/CMakeScratch/TryCompile-JMSfnB/CheckSymbolExists.c: In function 'main':
/Users/iridescent/iridescent/iridescentCoconutSynth2/iridescentmicropython/ports/libmicropython/IRIDESCENT/SDL3-main/BUILD/CMakeFiles/CMakeScratch/TryCompile-JMSfnB/CheckSymbolExists.c:14:19: error: 'strcasestr' undeclared (first use in this function); did you mean 'strcasecmp'?
   14 |   return ((int*)(&strcasestr))[argc];
      |                   ^~~~~~~~~~
      |                   strcasecmp
/Users/iridescent/iridescent/iridescentCoconutSynth2/iridescentmicropython/ports/libmicropython/IRIDESCENT/SDL3-main/BUILD/CMakeFiles/CMakeScratch/TryCompile-JMSfnB/CheckSymbolExists.c:14:19: note: each undeclared identifier is reported only once for each function it appears in
make[2]: *** [CMakeFiles/cmTC_8133f.dir/CheckSymbolExists.c.obj] Error 1
make[1]: *** [cmTC_8133f/fast] Error 2


File CheckSymbolExists.c:
/* */
#include <stddef.h>
#include <stdarg.h>
#include <stdlib.h>
#include <string.h>
#include <stdio.h>
#include <wchar.h>
#include <float.h>

int main(int argc, char** argv)
{
  (void)argv;
#ifndef strcasestr
  return ((int*)(&strcasestr))[argc];
#else
  (void)argc;
  return 0;
#endif
}
Determining if the _wcsdup exist failed with the following output:
Change Dir: /Users/iridescent/iridescent/iridescentCoconutSynth2/iridescentmicropython/ports/libmicropython/IRIDESCENT/SDL3-main/BUILD/CMakeFiles/CMakeScratch/TryCompile-hm3AHl

Run Build Command(s):/usr/bin/make -f Makefile cmTC_b9aff/fast && /Applications/Xcode.app/Contents/Developer/usr/bin/make  -f CMakeFiles/cmTC_b9aff.dir/build.make CMakeFiles/cmTC_b9aff.dir/build
Building C object CMakeFiles/cmTC_b9aff.dir/CheckSymbolExists.c.obj
/Users/iridescent/iridescent/iridescentCoconutSynth2/arm-gnu-toolchain-12.2.mpacbti-bet1-darwin-x86_64-arm-none-eabi/bin/arm-none-eabi-gcc   -ggdb -O2 -D_POSIX_THREADS -DARDUINO_TEENSY41 -I/Users/iridescent/iridescent/iridescentCoconutSynth2/iridescentmicropython/ports/libmicropython/IRIDESCENT/freertos-teensy-master/src -I/Users/iridescent/iridescent/iridescentCoconutSynth2/iridescentmicropython/ports/libmicropython/IRIDESCENT/freertos-teensy-master/src -I/Users/iridescent/iridescent/iridescentCoconutSynth2/iridescentmicropython/ports/libmicropython/IRIDESCENT/freertos-teensy-master/lib/cpp/src -I/Users/iridescent/iridescent/iridescentCoconutSynth2/iridescentmicropython/ports/libmicropython/IRIDESCENT/cores-master/teensy4 -I/Users/iridescent/iridescent/iridescentCoconutSynth2/iridescentmicropython/ports/libmicropython/IRIDESCENT/FreeRTOS-Plus-POSIX/include -I/Users/iridescent/iridescent/iridescentCoconutSynth2/iridescentmicropython/ports/libmicropython/IRIDESCENT/SDL3-main/src -fno-exceptions -ffunction-sections -fdata-sections -fasynchronous-unwind-tables -mcpu=cortex-m7 -mfloat-abi=hard -mfpu=fpv5-d16 -mthumb -idirafter "/Users/iridescent/iridescent/iridescentCoconutSynth2/iridescentmicropython/ports/libmicropython/IRIDESCENT/SDL3-main/src/video/khronos"  -o CMakeFiles/cmTC_b9aff.dir/CheckSymbolExists.c.obj -c /Users/iridescent/iridescent/iridescentCoconutSynth2/iridescentmicropython/ports/libmicropython/IRIDESCENT/SDL3-main/BUILD/CMakeFiles/CMakeScratch/TryCompile-hm3AHl/CheckSymbolExists.c
/Users/iridescent/iridescent/iridescentCoconutSynth2/iridescentmicropython/ports/libmicropython/IRIDESCENT/SDL3-main/BUILD/CMakeFiles/CMakeScratch/TryCompile-hm3AHl/CheckSymbolExists.c: In function 'main':
/Users/iridescent/iridescent/iridescentCoconutSynth2/iridescentmicropython/ports/libmicropython/IRIDESCENT/SDL3-main/BUILD/CMakeFiles/CMakeScratch/TryCompile-hm3AHl/CheckSymbolExists.c:14:19: error: '_wcsdup' undeclared (first use in this function); did you mean 'wcsdup'?
   14 |   return ((int*)(&_wcsdup))[argc];
      |                   ^~~~~~~
      |                   wcsdup
/Users/iridescent/iridescent/iridescentCoconutSynth2/iridescentmicropython/ports/libmicropython/IRIDESCENT/SDL3-main/BUILD/CMakeFiles/CMakeScratch/TryCompile-hm3AHl/CheckSymbolExists.c:14:19: note: each undeclared identifier is reported only once for each function it appears in
make[2]: *** [CMakeFiles/cmTC_b9aff.dir/CheckSymbolExists.c.obj] Error 1
make[1]: *** [cmTC_b9aff/fast] Error 2


File CheckSymbolExists.c:
/* */
#include <stddef.h>
#include <stdarg.h>
#include <stdlib.h>
#include <string.h>
#include <stdio.h>
#include <wchar.h>
#include <float.h>

int main(int argc, char** argv)
{
  (void)argv;
#ifndef _wcsdup
  return ((int*)(&_wcsdup))[argc];
#else
  (void)argc;
  return 0;
#endif
}
Determining if the _wcsicmp exist failed with the following output:
Change Dir: /Users/iridescent/iridescent/iridescentCoconutSynth2/iridescentmicropython/ports/libmicropython/IRIDESCENT/SDL3-main/BUILD/CMakeFiles/CMakeScratch/TryCompile-nVVBG3

Run Build Command(s):/usr/bin/make -f Makefile cmTC_9752b/fast && /Applications/Xcode.app/Contents/Developer/usr/bin/make  -f CMakeFiles/cmTC_9752b.dir/build.make CMakeFiles/cmTC_9752b.dir/build
Building C object CMakeFiles/cmTC_9752b.dir/CheckSymbolExists.c.obj
/Users/iridescent/iridescent/iridescentCoconutSynth2/arm-gnu-toolchain-12.2.mpacbti-bet1-darwin-x86_64-arm-none-eabi/bin/arm-none-eabi-gcc   -ggdb -O2 -D_POSIX_THREADS -DARDUINO_TEENSY41 -I/Users/iridescent/iridescent/iridescentCoconutSynth2/iridescentmicropython/ports/libmicropython/IRIDESCENT/freertos-teensy-master/src -I/Users/iridescent/iridescent/iridescentCoconutSynth2/iridescentmicropython/ports/libmicropython/IRIDESCENT/freertos-teensy-master/src -I/Users/iridescent/iridescent/iridescentCoconutSynth2/iridescentmicropython/ports/libmicropython/IRIDESCENT/freertos-teensy-master/lib/cpp/src -I/Users/iridescent/iridescent/iridescentCoconutSynth2/iridescentmicropython/ports/libmicropython/IRIDESCENT/cores-master/teensy4 -I/Users/iridescent/iridescent/iridescentCoconutSynth2/iridescentmicropython/ports/libmicropython/IRIDESCENT/FreeRTOS-Plus-POSIX/include -I/Users/iridescent/iridescent/iridescentCoconutSynth2/iridescentmicropython/ports/libmicropython/IRIDESCENT/SDL3-main/src -fno-exceptions -ffunction-sections -fdata-sections -fasynchronous-unwind-tables -mcpu=cortex-m7 -mfloat-abi=hard -mfpu=fpv5-d16 -mthumb -idirafter "/Users/iridescent/iridescent/iridescentCoconutSynth2/iridescentmicropython/ports/libmicropython/IRIDESCENT/SDL3-main/src/video/khronos"  -o CMakeFiles/cmTC_9752b.dir/CheckSymbolExists.c.obj -c /Users/iridescent/iridescent/iridescentCoconutSynth2/iridescentmicropython/ports/libmicropython/IRIDESCENT/SDL3-main/BUILD/CMakeFiles/CMakeScratch/TryCompile-nVVBG3/CheckSymbolExists.c
/Users/iridescent/iridescent/iridescentCoconutSynth2/iridescentmicropython/ports/libmicropython/IRIDESCENT/SDL3-main/BUILD/CMakeFiles/CMakeScratch/TryCompile-nVVBG3/CheckSymbolExists.c: In function 'main':
/Users/iridescent/iridescent/iridescentCoconutSynth2/iridescentmicropython/ports/libmicropython/IRIDESCENT/SDL3-main/BUILD/CMakeFiles/CMakeScratch/TryCompile-nVVBG3/CheckSymbolExists.c:14:19: error: '_wcsicmp' undeclared (first use in this function); did you mean 'wcsncmp'?
   14 |   return ((int*)(&_wcsicmp))[argc];
      |                   ^~~~~~~~
      |                   wcsncmp
/Users/iridescent/iridescent/iridescentCoconutSynth2/iridescentmicropython/ports/libmicropython/IRIDESCENT/SDL3-main/BUILD/CMakeFiles/CMakeScratch/TryCompile-nVVBG3/CheckSymbolExists.c:14:19: note: each undeclared identifier is reported only once for each function it appears in
make[2]: *** [CMakeFiles/cmTC_9752b.dir/CheckSymbolExists.c.obj] Error 1
make[1]: *** [cmTC_9752b/fast] Error 2


File CheckSymbolExists.c:
/* */
#include <stddef.h>
#include <stdarg.h>
#include <stdlib.h>
#include <string.h>
#include <stdio.h>
#include <wchar.h>
#include <float.h>

int main(int argc, char** argv)
{
  (void)argv;
#ifndef _wcsicmp
  return ((int*)(&_wcsicmp))[argc];
#else
  (void)argc;
  return 0;
#endif
}
Determining if the _wcsnicmp exist failed with the following output:
Change Dir: /Users/iridescent/iridescent/iridescentCoconutSynth2/iridescentmicropython/ports/libmicropython/IRIDESCENT/SDL3-main/BUILD/CMakeFiles/CMakeScratch/TryCompile-nmv5e7

Run Build Command(s):/usr/bin/make -f Makefile cmTC_2d057/fast && /Applications/Xcode.app/Contents/Developer/usr/bin/make  -f CMakeFiles/cmTC_2d057.dir/build.make CMakeFiles/cmTC_2d057.dir/build
Building C object CMakeFiles/cmTC_2d057.dir/CheckSymbolExists.c.obj
/Users/iridescent/iridescent/iridescentCoconutSynth2/arm-gnu-toolchain-12.2.mpacbti-bet1-darwin-x86_64-arm-none-eabi/bin/arm-none-eabi-gcc   -ggdb -O2 -D_POSIX_THREADS -DARDUINO_TEENSY41 -I/Users/iridescent/iridescent/iridescentCoconutSynth2/iridescentmicropython/ports/libmicropython/IRIDESCENT/freertos-teensy-master/src -I/Users/iridescent/iridescent/iridescentCoconutSynth2/iridescentmicropython/ports/libmicropython/IRIDESCENT/freertos-teensy-master/src -I/Users/iridescent/iridescent/iridescentCoconutSynth2/iridescentmicropython/ports/libmicropython/IRIDESCENT/freertos-teensy-master/lib/cpp/src -I/Users/iridescent/iridescent/iridescentCoconutSynth2/iridescentmicropython/ports/libmicropython/IRIDESCENT/cores-master/teensy4 -I/Users/iridescent/iridescent/iridescentCoconutSynth2/iridescentmicropython/ports/libmicropython/IRIDESCENT/FreeRTOS-Plus-POSIX/include -I/Users/iridescent/iridescent/iridescentCoconutSynth2/iridescentmicropython/ports/libmicropython/IRIDESCENT/SDL3-main/src -fno-exceptions -ffunction-sections -fdata-sections -fasynchronous-unwind-tables -mcpu=cortex-m7 -mfloat-abi=hard -mfpu=fpv5-d16 -mthumb -idirafter "/Users/iridescent/iridescent/iridescentCoconutSynth2/iridescentmicropython/ports/libmicropython/IRIDESCENT/SDL3-main/src/video/khronos"  -o CMakeFiles/cmTC_2d057.dir/CheckSymbolExists.c.obj -c /Users/iridescent/iridescent/iridescentCoconutSynth2/iridescentmicropython/ports/libmicropython/IRIDESCENT/SDL3-main/BUILD/CMakeFiles/CMakeScratch/TryCompile-nmv5e7/CheckSymbolExists.c
/Users/iridescent/iridescent/iridescentCoconutSynth2/iridescentmicropython/ports/libmicropython/IRIDESCENT/SDL3-main/BUILD/CMakeFiles/CMakeScratch/TryCompile-nmv5e7/CheckSymbolExists.c: In function 'main':
/Users/iridescent/iridescent/iridescentCoconutSynth2/iridescentmicropython/ports/libmicropython/IRIDESCENT/SDL3-main/BUILD/CMakeFiles/CMakeScratch/TryCompile-nmv5e7/CheckSymbolExists.c:14:19: error: '_wcsnicmp' undeclared (first use in this function); did you mean 'wcsncmp'?
   14 |   return ((int*)(&_wcsnicmp))[argc];
      |                   ^~~~~~~~~
      |                   wcsncmp
/Users/iridescent/iridescent/iridescentCoconutSynth2/iridescentmicropython/ports/libmicropython/IRIDESCENT/SDL3-main/BUILD/CMakeFiles/CMakeScratch/TryCompile-nmv5e7/CheckSymbolExists.c:14:19: note: each undeclared identifier is reported only once for each function it appears in
make[2]: *** [CMakeFiles/cmTC_2d057.dir/CheckSymbolExists.c.obj] Error 1
make[1]: *** [cmTC_2d057/fast] Error 2


File CheckSymbolExists.c:
/* */
#include <stddef.h>
#include <stdarg.h>
#include <stdlib.h>
#include <string.h>
#include <stdio.h>
#include <wchar.h>
#include <float.h>

int main(int argc, char** argv)
{
  (void)argv;
#ifndef _wcsnicmp
  return ((int*)(&_wcsnicmp))[argc];
#else
  (void)argc;
  return 0;
#endif
}
Determining if the fopen64 exist failed with the following output:
Change Dir: /Users/iridescent/iridescent/iridescentCoconutSynth2/iridescentmicropython/ports/libmicropython/IRIDESCENT/SDL3-main/BUILD/CMakeFiles/CMakeScratch/TryCompile-VKujJ4

Run Build Command(s):/usr/bin/make -f Makefile cmTC_48535/fast && /Applications/Xcode.app/Contents/Developer/usr/bin/make  -f CMakeFiles/cmTC_48535.dir/build.make CMakeFiles/cmTC_48535.dir/build
Building C object CMakeFiles/cmTC_48535.dir/CheckSymbolExists.c.obj
/Users/iridescent/iridescent/iridescentCoconutSynth2/arm-gnu-toolchain-12.2.mpacbti-bet1-darwin-x86_64-arm-none-eabi/bin/arm-none-eabi-gcc   -ggdb -O2 -D_POSIX_THREADS -DARDUINO_TEENSY41 -I/Users/iridescent/iridescent/iridescentCoconutSynth2/iridescentmicropython/ports/libmicropython/IRIDESCENT/freertos-teensy-master/src -I/Users/iridescent/iridescent/iridescentCoconutSynth2/iridescentmicropython/ports/libmicropython/IRIDESCENT/freertos-teensy-master/src -I/Users/iridescent/iridescent/iridescentCoconutSynth2/iridescentmicropython/ports/libmicropython/IRIDESCENT/freertos-teensy-master/lib/cpp/src -I/Users/iridescent/iridescent/iridescentCoconutSynth2/iridescentmicropython/ports/libmicropython/IRIDESCENT/cores-master/teensy4 -I/Users/iridescent/iridescent/iridescentCoconutSynth2/iridescentmicropython/ports/libmicropython/IRIDESCENT/FreeRTOS-Plus-POSIX/include -I/Users/iridescent/iridescent/iridescentCoconutSynth2/iridescentmicropython/ports/libmicropython/IRIDESCENT/SDL3-main/src -fno-exceptions -ffunction-sections -fdata-sections -fasynchronous-unwind-tables -mcpu=cortex-m7 -mfloat-abi=hard -mfpu=fpv5-d16 -mthumb -idirafter "/Users/iridescent/iridescent/iridescentCoconutSynth2/iridescentmicropython/ports/libmicropython/IRIDESCENT/SDL3-main/src/video/khronos"  -o CMakeFiles/cmTC_48535.dir/CheckSymbolExists.c.obj -c /Users/iridescent/iridescent/iridescentCoconutSynth2/iridescentmicropython/ports/libmicropython/IRIDESCENT/SDL3-main/BUILD/CMakeFiles/CMakeScratch/TryCompile-VKujJ4/CheckSymbolExists.c
/Users/iridescent/iridescent/iridescentCoconutSynth2/iridescentmicropython/ports/libmicropython/IRIDESCENT/SDL3-main/BUILD/CMakeFiles/CMakeScratch/TryCompile-VKujJ4/CheckSymbolExists.c: In function 'main':
/Users/iridescent/iridescent/iridescentCoconutSynth2/iridescentmicropython/ports/libmicropython/IRIDESCENT/SDL3-main/BUILD/CMakeFiles/CMakeScratch/TryCompile-VKujJ4/CheckSymbolExists.c:14:19: error: 'fopen64' undeclared (first use in this function); did you mean 'fopen'?
   14 |   return ((int*)(&fopen64))[argc];
      |                   ^~~~~~~
      |                   fopen
/Users/iridescent/iridescent/iridescentCoconutSynth2/iridescentmicropython/ports/libmicropython/IRIDESCENT/SDL3-main/BUILD/CMakeFiles/CMakeScratch/TryCompile-VKujJ4/CheckSymbolExists.c:14:19: note: each undeclared identifier is reported only once for each function it appears in
make[2]: *** [CMakeFiles/cmTC_48535.dir/CheckSymbolExists.c.obj] Error 1
make[1]: *** [cmTC_48535/fast] Error 2


File CheckSymbolExists.c:
/* */
#include <stddef.h>
#include <stdarg.h>
#include <stdlib.h>
#include <string.h>
#include <stdio.h>
#include <wchar.h>
#include <float.h>

int main(int argc, char** argv)
{
  (void)argv;
#ifndef fopen64
  return ((int*)(&fopen64))[argc];
#else
  (void)argc;
  return 0;
#endif
}
Determining if the fseeko64 exist failed with the following output:
Change Dir: /Users/iridescent/iridescent/iridescentCoconutSynth2/iridescentmicropython/ports/libmicropython/IRIDESCENT/SDL3-main/BUILD/CMakeFiles/CMakeScratch/TryCompile-044yr2

Run Build Command(s):/usr/bin/make -f Makefile cmTC_739a8/fast && /Applications/Xcode.app/Contents/Developer/usr/bin/make  -f CMakeFiles/cmTC_739a8.dir/build.make CMakeFiles/cmTC_739a8.dir/build
Building C object CMakeFiles/cmTC_739a8.dir/CheckSymbolExists.c.obj
/Users/iridescent/iridescent/iridescentCoconutSynth2/arm-gnu-toolchain-12.2.mpacbti-bet1-darwin-x86_64-arm-none-eabi/bin/arm-none-eabi-gcc   -ggdb -O2 -D_POSIX_THREADS -DARDUINO_TEENSY41 -I/Users/iridescent/iridescent/iridescentCoconutSynth2/iridescentmicropython/ports/libmicropython/IRIDESCENT/freertos-teensy-master/src -I/Users/iridescent/iridescent/iridescentCoconutSynth2/iridescentmicropython/ports/libmicropython/IRIDESCENT/freertos-teensy-master/src -I/Users/iridescent/iridescent/iridescentCoconutSynth2/iridescentmicropython/ports/libmicropython/IRIDESCENT/freertos-teensy-master/lib/cpp/src -I/Users/iridescent/iridescent/iridescentCoconutSynth2/iridescentmicropython/ports/libmicropython/IRIDESCENT/cores-master/teensy4 -I/Users/iridescent/iridescent/iridescentCoconutSynth2/iridescentmicropython/ports/libmicropython/IRIDESCENT/FreeRTOS-Plus-POSIX/include -I/Users/iridescent/iridescent/iridescentCoconutSynth2/iridescentmicropython/ports/libmicropython/IRIDESCENT/SDL3-main/src -fno-exceptions -ffunction-sections -fdata-sections -fasynchronous-unwind-tables -mcpu=cortex-m7 -mfloat-abi=hard -mfpu=fpv5-d16 -mthumb -idirafter "/Users/iridescent/iridescent/iridescentCoconutSynth2/iridescentmicropython/ports/libmicropython/IRIDESCENT/SDL3-main/src/video/khronos"  -o CMakeFiles/cmTC_739a8.dir/CheckSymbolExists.c.obj -c /Users/iridescent/iridescent/iridescentCoconutSynth2/iridescentmicropython/ports/libmicropython/IRIDESCENT/SDL3-main/BUILD/CMakeFiles/CMakeScratch/TryCompile-044yr2/CheckSymbolExists.c
/Users/iridescent/iridescent/iridescentCoconutSynth2/iridescentmicropython/ports/libmicropython/IRIDESCENT/SDL3-main/BUILD/CMakeFiles/CMakeScratch/TryCompile-044yr2/CheckSymbolExists.c: In function 'main':
/Users/iridescent/iridescent/iridescentCoconutSynth2/iridescentmicropython/ports/libmicropython/IRIDESCENT/SDL3-main/BUILD/CMakeFiles/CMakeScratch/TryCompile-044yr2/CheckSymbolExists.c:14:19: error: 'fseeko64' undeclared (first use in this function); did you mean 'fseeko'?
   14 |   return ((int*)(&fseeko64))[argc];
      |                   ^~~~~~~~
      |                   fseeko
/Users/iridescent/iridescent/iridescentCoconutSynth2/iridescentmicropython/ports/libmicropython/IRIDESCENT/SDL3-main/BUILD/CMakeFiles/CMakeScratch/TryCompile-044yr2/CheckSymbolExists.c:14:19: note: each undeclared identifier is reported only once for each function it appears in
make[2]: *** [CMakeFiles/cmTC_739a8.dir/CheckSymbolExists.c.obj] Error 1
make[1]: *** [cmTC_739a8/fast] Error 2


File CheckSymbolExists.c:
/* */
#include <stddef.h>
#include <stdarg.h>
#include <stdlib.h>
#include <string.h>
#include <stdio.h>
#include <wchar.h>
#include <float.h>

int main(int argc, char** argv)
{
  (void)argv;
#ifndef fseeko64
  return ((int*)(&fseeko64))[argc];
#else
  (void)argc;
  return 0;
#endif
}
Determining if the sigaction exist failed with the following output:
Change Dir: /Users/iridescent/iridescent/iridescentCoconutSynth2/iridescentmicropython/ports/libmicropython/IRIDESCENT/SDL3-main/BUILD/CMakeFiles/CMakeScratch/TryCompile-ybP2Pm

Run Build Command(s):/usr/bin/make -f Makefile cmTC_d41f5/fast && /Applications/Xcode.app/Contents/Developer/usr/bin/make  -f CMakeFiles/cmTC_d41f5.dir/build.make CMakeFiles/cmTC_d41f5.dir/build
Building C object CMakeFiles/cmTC_d41f5.dir/CheckSymbolExists.c.obj
/Users/iridescent/iridescent/iridescentCoconutSynth2/arm-gnu-toolchain-12.2.mpacbti-bet1-darwin-x86_64-arm-none-eabi/bin/arm-none-eabi-gcc   -ggdb -O2 -D_POSIX_THREADS -DARDUINO_TEENSY41 -I/Users/iridescent/iridescent/iridescentCoconutSynth2/iridescentmicropython/ports/libmicropython/IRIDESCENT/freertos-teensy-master/src -I/Users/iridescent/iridescent/iridescentCoconutSynth2/iridescentmicropython/ports/libmicropython/IRIDESCENT/freertos-teensy-master/src -I/Users/iridescent/iridescent/iridescentCoconutSynth2/iridescentmicropython/ports/libmicropython/IRIDESCENT/freertos-teensy-master/lib/cpp/src -I/Users/iridescent/iridescent/iridescentCoconutSynth2/iridescentmicropython/ports/libmicropython/IRIDESCENT/cores-master/teensy4 -I/Users/iridescent/iridescent/iridescentCoconutSynth2/iridescentmicropython/ports/libmicropython/IRIDESCENT/FreeRTOS-Plus-POSIX/include -I/Users/iridescent/iridescent/iridescentCoconutSynth2/iridescentmicropython/ports/libmicropython/IRIDESCENT/SDL3-main/src -fno-exceptions -ffunction-sections -fdata-sections -fasynchronous-unwind-tables -mcpu=cortex-m7 -mfloat-abi=hard -mfpu=fpv5-d16 -mthumb -idirafter "/Users/iridescent/iridescent/iridescentCoconutSynth2/iridescentmicropython/ports/libmicropython/IRIDESCENT/SDL3-main/src/video/khronos"  -o CMakeFiles/cmTC_d41f5.dir/CheckSymbolExists.c.obj -c /Users/iridescent/iridescent/iridescentCoconutSynth2/iridescentmicropython/ports/libmicropython/IRIDESCENT/SDL3-main/BUILD/CMakeFiles/CMakeScratch/TryCompile-ybP2Pm/CheckSymbolExists.c
Linking C executable cmTC_d41f5
/usr/local/Cellar/cmake/3.25.1/bin/cmake -E cmake_link_script CMakeFiles/cmTC_d41f5.dir/link.txt --verbose=1
/Users/iridescent/iridescent/iridescentCoconutSynth2/arm-gnu-toolchain-12.2.mpacbti-bet1-darwin-x86_64-arm-none-eabi/bin/arm-none-eabi-gcc -ggdb -O2 -D_POSIX_THREADS -DARDUINO_TEENSY41 -I/Users/iridescent/iridescent/iridescentCoconutSynth2/iridescentmicropython/ports/libmicropython/IRIDESCENT/freertos-teensy-master/src -I/Users/iridescent/iridescent/iridescentCoconutSynth2/iridescentmicropython/ports/libmicropython/IRIDESCENT/freertos-teensy-master/src -I/Users/iridescent/iridescent/iridescentCoconutSynth2/iridescentmicropython/ports/libmicropython/IRIDESCENT/freertos-teensy-master/lib/cpp/src -I/Users/iridescent/iridescent/iridescentCoconutSynth2/iridescentmicropython/ports/libmicropython/IRIDESCENT/cores-master/teensy4 -I/Users/iridescent/iridescent/iridescentCoconutSynth2/iridescentmicropython/ports/libmicropython/IRIDESCENT/FreeRTOS-Plus-POSIX/include -I/Users/iridescent/iridescent/iridescentCoconutSynth2/iridescentmicropython/ports/libmicropython/IRIDESCENT/SDL3-main/src -fno-exceptions -ffunction-sections -fdata-sections -fasynchronous-unwind-tables -mcpu=cortex-m7 -mfloat-abi=hard -mfpu=fpv5-d16 -mthumb -idirafter "/Users/iridescent/iridescent/iridescentCoconutSynth2/iridescentmicropython/ports/libmicropython/IRIDESCENT/SDL3-main/src/video/khronos"  -specs=nosys.specs  CMakeFiles/cmTC_d41f5.dir/CheckSymbolExists.c.obj -o cmTC_d41f5 
/Users/iridescent/iridescent/iridescentCoconutSynth2/arm-gnu-toolchain-12.2.mpacbti-bet1-darwin-x86_64-arm-none-eabi/bin/../lib/gcc/arm-none-eabi/12.2.0/../../../../arm-none-eabi/bin/ld: /Users/iridescent/iridescent/iridescentCoconutSynth2/arm-gnu-toolchain-12.2.mpacbti-bet1-darwin-x86_64-arm-none-eabi/bin/../lib/gcc/arm-none-eabi/12.2.0/../../../../arm-none-eabi/lib/thumb/v7e-m+dp/hard/libg.a(libc_a-closer.o): in function `_close_r':
/Volumes/data/jenkins/workspace/GNU-toolchain/arm-12-mpacbti/src/newlib-cygwin/newlib/libc/reent/closer.c:47: warning: _close is not implemented and will always fail
/Users/iridescent/iridescent/iridescentCoconutSynth2/arm-gnu-toolchain-12.2.mpacbti-bet1-darwin-x86_64-arm-none-eabi/bin/../lib/gcc/arm-none-eabi/12.2.0/../../../../arm-none-eabi/bin/ld: /Users/iridescent/iridescent/iridescentCoconutSynth2/arm-gnu-toolchain-12.2.mpacbti-bet1-darwin-x86_64-arm-none-eabi/bin/../lib/gcc/arm-none-eabi/12.2.0/../../../../arm-none-eabi/lib/thumb/v7e-m+dp/hard/libg.a(libc_a-signalr.o): in function `_getpid_r':
/Volumes/data/jenkins/workspace/GNU-toolchain/arm-12-mpacbti/src/newlib-cygwin/newlib/libc/reent/signalr.c:83: warning: _getpid is not implemented and will always fail
/Users/iridescent/iridescent/iridescentCoconutSynth2/arm-gnu-toolchain-12.2.mpacbti-bet1-darwin-x86_64-arm-none-eabi/bin/../lib/gcc/arm-none-eabi/12.2.0/../../../../arm-none-eabi/bin/ld: /Users/iridescent/iridescent/iridescentCoconutSynth2/arm-gnu-toolchain-12.2.mpacbti-bet1-darwin-x86_64-arm-none-eabi/bin/../lib/gcc/arm-none-eabi/12.2.0/../../../../arm-none-eabi/lib/thumb/v7e-m+dp/hard/libg.a(libc_a-signalr.o): in function `_kill_r':
/Volumes/data/jenkins/workspace/GNU-toolchain/arm-12-mpacbti/src/newlib-cygwin/newlib/libc/reent/signalr.c:53: warning: _kill is not implemented and will always fail
/Users/iridescent/iridescent/iridescentCoconutSynth2/arm-gnu-toolchain-12.2.mpacbti-bet1-darwin-x86_64-arm-none-eabi/bin/../lib/gcc/arm-none-eabi/12.2.0/../../../../arm-none-eabi/bin/ld: /Users/iridescent/iridescent/iridescentCoconutSynth2/arm-gnu-toolchain-12.2.mpacbti-bet1-darwin-x86_64-arm-none-eabi/bin/../lib/gcc/arm-none-eabi/12.2.0/../../../../arm-none-eabi/lib/thumb/v7e-m+dp/hard/libg.a(libc_a-lseekr.o): in function `_lseek_r':
/Volumes/data/jenkins/workspace/GNU-toolchain/arm-12-mpacbti/src/newlib-cygwin/newlib/libc/reent/lseekr.c:49: warning: _lseek is not implemented and will always fail
/Users/iridescent/iridescent/iridescentCoconutSynth2/arm-gnu-toolchain-12.2.mpacbti-bet1-darwin-x86_64-arm-none-eabi/bin/../lib/gcc/arm-none-eabi/12.2.0/../../../../arm-none-eabi/bin/ld: /Users/iridescent/iridescent/iridescentCoconutSynth2/arm-gnu-toolchain-12.2.mpacbti-bet1-darwin-x86_64-arm-none-eabi/bin/../lib/gcc/arm-none-eabi/12.2.0/../../../../arm-none-eabi/lib/thumb/v7e-m+dp/hard/libg.a(libc_a-readr.o): in function `_read_r':
/Volumes/data/jenkins/workspace/GNU-toolchain/arm-12-mpacbti/src/newlib-cygwin/newlib/libc/reent/readr.c:49: warning: _read is not implemented and will always fail
/Users/iridescent/iridescent/iridescentCoconutSynth2/arm-gnu-toolchain-12.2.mpacbti-bet1-darwin-x86_64-arm-none-eabi/bin/../lib/gcc/arm-none-eabi/12.2.0/../../../../arm-none-eabi/bin/ld: /Users/iridescent/iridescent/iridescentCoconutSynth2/arm-gnu-toolchain-12.2.mpacbti-bet1-darwin-x86_64-arm-none-eabi/bin/../lib/gcc/arm-none-eabi/12.2.0/../../../../arm-none-eabi/lib/thumb/v7e-m+dp/hard/libg.a(libc_a-writer.o): in function `_write_r':
/Volumes/data/jenkins/workspace/GNU-toolchain/arm-12-mpacbti/src/newlib-cygwin/newlib/libc/reent/writer.c:49: warning: _write is not implemented and will always fail
/Users/iridescent/iridescent/iridescentCoconutSynth2/arm-gnu-toolchain-12.2.mpacbti-bet1-darwin-x86_64-arm-none-eabi/bin/../lib/gcc/arm-none-eabi/12.2.0/../../../../arm-none-eabi/bin/ld: CMakeFiles/cmTC_d41f5.dir/CheckSymbolExists.c.obj: in function `main':
/Users/iridescent/iridescent/iridescentCoconutSynth2/iridescentmicropython/ports/libmicropython/IRIDESCENT/SDL3-main/BUILD/CMakeFiles/CMakeScratch/TryCompile-ybP2Pm/CheckSymbolExists.c:13: undefined reference to `sigaction'
collect2: error: ld returned 1 exit status
make[2]: *** [cmTC_d41f5] Error 1
make[1]: *** [cmTC_d41f5/fast] Error 2


File CheckSymbolExists.c:
/* */
#include <signal.h>

int main(int argc, char** argv)
{
  (void)argv;
#ifndef sigaction
  return ((int*)(&sigaction))[argc];
#else
  (void)argc;
  return 0;
#endif
}
Determining if the nanosleep exist failed with the following output:
Change Dir: /Users/iridescent/iridescent/iridescentCoconutSynth2/iridescentmicropython/ports/libmicropython/IRIDESCENT/SDL3-main/BUILD/CMakeFiles/CMakeScratch/TryCompile-aJWfxq

Run Build Command(s):/usr/bin/make -f Makefile cmTC_28d3e/fast && /Applications/Xcode.app/Contents/Developer/usr/bin/make  -f CMakeFiles/cmTC_28d3e.dir/build.make CMakeFiles/cmTC_28d3e.dir/build
Building C object CMakeFiles/cmTC_28d3e.dir/CheckSymbolExists.c.obj
/Users/iridescent/iridescent/iridescentCoconutSynth2/arm-gnu-toolchain-12.2.mpacbti-bet1-darwin-x86_64-arm-none-eabi/bin/arm-none-eabi-gcc   -ggdb -O2 -D_POSIX_THREADS -DARDUINO_TEENSY41 -I/Users/iridescent/iridescent/iridescentCoconutSynth2/iridescentmicropython/ports/libmicropython/IRIDESCENT/freertos-teensy-master/src -I/Users/iridescent/iridescent/iridescentCoconutSynth2/iridescentmicropython/ports/libmicropython/IRIDESCENT/freertos-teensy-master/src -I/Users/iridescent/iridescent/iridescentCoconutSynth2/iridescentmicropython/ports/libmicropython/IRIDESCENT/freertos-teensy-master/lib/cpp/src -I/Users/iridescent/iridescent/iridescentCoconutSynth2/iridescentmicropython/ports/libmicropython/IRIDESCENT/cores-master/teensy4 -I/Users/iridescent/iridescent/iridescentCoconutSynth2/iridescentmicropython/ports/libmicropython/IRIDESCENT/FreeRTOS-Plus-POSIX/include -I/Users/iridescent/iridescent/iridescentCoconutSynth2/iridescentmicropython/ports/libmicropython/IRIDESCENT/SDL3-main/src -fno-exceptions -ffunction-sections -fdata-sections -fasynchronous-unwind-tables -mcpu=cortex-m7 -mfloat-abi=hard -mfpu=fpv5-d16 -mthumb -idirafter "/Users/iridescent/iridescent/iridescentCoconutSynth2/iridescentmicropython/ports/libmicropython/IRIDESCENT/SDL3-main/src/video/khronos"  -o CMakeFiles/cmTC_28d3e.dir/CheckSymbolExists.c.obj -c /Users/iridescent/iridescent/iridescentCoconutSynth2/iridescentmicropython/ports/libmicropython/IRIDESCENT/SDL3-main/BUILD/CMakeFiles/CMakeScratch/TryCompile-aJWfxq/CheckSymbolExists.c
/Users/iridescent/iridescent/iridescentCoconutSynth2/iridescentmicropython/ports/libmicropython/IRIDESCENT/SDL3-main/BUILD/CMakeFiles/CMakeScratch/TryCompile-aJWfxq/CheckSymbolExists.c: In function 'main':
/Users/iridescent/iridescent/iridescentCoconutSynth2/iridescentmicropython/ports/libmicropython/IRIDESCENT/SDL3-main/BUILD/CMakeFiles/CMakeScratch/TryCompile-aJWfxq/CheckSymbolExists.c:8:19: error: 'nanosleep' undeclared (first use in this function)
    8 |   return ((int*)(&nanosleep))[argc];
      |                   ^~~~~~~~~
/Users/iridescent/iridescent/iridescentCoconutSynth2/iridescentmicropython/ports/libmicropython/IRIDESCENT/SDL3-main/BUILD/CMakeFiles/CMakeScratch/TryCompile-aJWfxq/CheckSymbolExists.c:8:19: note: each undeclared identifier is reported only once for each function it appears in
make[2]: *** [CMakeFiles/cmTC_28d3e.dir/CheckSymbolExists.c.obj] Error 1
make[1]: *** [cmTC_28d3e/fast] Error 2


File CheckSymbolExists.c:
/* */
#include <time.h>

int main(int argc, char** argv)
{
  (void)argv;
#ifndef nanosleep
  return ((int*)(&nanosleep))[argc];
#else
  (void)argc;
  return 0;
#endif
}
Determining if the sysconf exist failed with the following output:
Change Dir: /Users/iridescent/iridescent/iridescentCoconutSynth2/iridescentmicropython/ports/libmicropython/IRIDESCENT/SDL3-main/BUILD/CMakeFiles/CMakeScratch/TryCompile-Reigcm

Run Build Command(s):/usr/bin/make -f Makefile cmTC_981a6/fast && /Applications/Xcode.app/Contents/Developer/usr/bin/make  -f CMakeFiles/cmTC_981a6.dir/build.make CMakeFiles/cmTC_981a6.dir/build
Building C object CMakeFiles/cmTC_981a6.dir/CheckSymbolExists.c.obj
/Users/iridescent/iridescent/iridescentCoconutSynth2/arm-gnu-toolchain-12.2.mpacbti-bet1-darwin-x86_64-arm-none-eabi/bin/arm-none-eabi-gcc   -ggdb -O2 -D_POSIX_THREADS -DARDUINO_TEENSY41 -I/Users/iridescent/iridescent/iridescentCoconutSynth2/iridescentmicropython/ports/libmicropython/IRIDESCENT/freertos-teensy-master/src -I/Users/iridescent/iridescent/iridescentCoconutSynth2/iridescentmicropython/ports/libmicropython/IRIDESCENT/freertos-teensy-master/src -I/Users/iridescent/iridescent/iridescentCoconutSynth2/iridescentmicropython/ports/libmicropython/IRIDESCENT/freertos-teensy-master/lib/cpp/src -I/Users/iridescent/iridescent/iridescentCoconutSynth2/iridescentmicropython/ports/libmicropython/IRIDESCENT/cores-master/teensy4 -I/Users/iridescent/iridescent/iridescentCoconutSynth2/iridescentmicropython/ports/libmicropython/IRIDESCENT/FreeRTOS-Plus-POSIX/include -I/Users/iridescent/iridescent/iridescentCoconutSynth2/iridescentmicropython/ports/libmicropython/IRIDESCENT/SDL3-main/src -fno-exceptions -ffunction-sections -fdata-sections -fasynchronous-unwind-tables -mcpu=cortex-m7 -mfloat-abi=hard -mfpu=fpv5-d16 -mthumb -idirafter "/Users/iridescent/iridescent/iridescentCoconutSynth2/iridescentmicropython/ports/libmicropython/IRIDESCENT/SDL3-main/src/video/khronos"  -o CMakeFiles/cmTC_981a6.dir/CheckSymbolExists.c.obj -c /Users/iridescent/iridescent/iridescentCoconutSynth2/iridescentmicropython/ports/libmicropython/IRIDESCENT/SDL3-main/BUILD/CMakeFiles/CMakeScratch/TryCompile-Reigcm/CheckSymbolExists.c
Linking C executable cmTC_981a6
/usr/local/Cellar/cmake/3.25.1/bin/cmake -E cmake_link_script CMakeFiles/cmTC_981a6.dir/link.txt --verbose=1
/Users/iridescent/iridescent/iridescentCoconutSynth2/arm-gnu-toolchain-12.2.mpacbti-bet1-darwin-x86_64-arm-none-eabi/bin/arm-none-eabi-gcc -ggdb -O2 -D_POSIX_THREADS -DARDUINO_TEENSY41 -I/Users/iridescent/iridescent/iridescentCoconutSynth2/iridescentmicropython/ports/libmicropython/IRIDESCENT/freertos-teensy-master/src -I/Users/iridescent/iridescent/iridescentCoconutSynth2/iridescentmicropython/ports/libmicropython/IRIDESCENT/freertos-teensy-master/src -I/Users/iridescent/iridescent/iridescentCoconutSynth2/iridescentmicropython/ports/libmicropython/IRIDESCENT/freertos-teensy-master/lib/cpp/src -I/Users/iridescent/iridescent/iridescentCoconutSynth2/iridescentmicropython/ports/libmicropython/IRIDESCENT/cores-master/teensy4 -I/Users/iridescent/iridescent/iridescentCoconutSynth2/iridescentmicropython/ports/libmicropython/IRIDESCENT/FreeRTOS-Plus-POSIX/include -I/Users/iridescent/iridescent/iridescentCoconutSynth2/iridescentmicropython/ports/libmicropython/IRIDESCENT/SDL3-main/src -fno-exceptions -ffunction-sections -fdata-sections -fasynchronous-unwind-tables -mcpu=cortex-m7 -mfloat-abi=hard -mfpu=fpv5-d16 -mthumb -idirafter "/Users/iridescent/iridescent/iridescentCoconutSynth2/iridescentmicropython/ports/libmicropython/IRIDESCENT/SDL3-main/src/video/khronos"  -specs=nosys.specs  CMakeFiles/cmTC_981a6.dir/CheckSymbolExists.c.obj -o cmTC_981a6 
/Users/iridescent/iridescent/iridescentCoconutSynth2/arm-gnu-toolchain-12.2.mpacbti-bet1-darwin-x86_64-arm-none-eabi/bin/../lib/gcc/arm-none-eabi/12.2.0/../../../../arm-none-eabi/bin/ld: /Users/iridescent/iridescent/iridescentCoconutSynth2/arm-gnu-toolchain-12.2.mpacbti-bet1-darwin-x86_64-arm-none-eabi/bin/../lib/gcc/arm-none-eabi/12.2.0/../../../../arm-none-eabi/lib/thumb/v7e-m+dp/hard/libg.a(libc_a-closer.o): in function `_close_r':
/Volumes/data/jenkins/workspace/GNU-toolchain/arm-12-mpacbti/src/newlib-cygwin/newlib/libc/reent/closer.c:47: warning: _close is not implemented and will always fail
/Users/iridescent/iridescent/iridescentCoconutSynth2/arm-gnu-toolchain-12.2.mpacbti-bet1-darwin-x86_64-arm-none-eabi/bin/../lib/gcc/arm-none-eabi/12.2.0/../../../../arm-none-eabi/bin/ld: /Users/iridescent/iridescent/iridescentCoconutSynth2/arm-gnu-toolchain-12.2.mpacbti-bet1-darwin-x86_64-arm-none-eabi/bin/../lib/gcc/arm-none-eabi/12.2.0/../../../../arm-none-eabi/lib/thumb/v7e-m+dp/hard/libg.a(libc_a-signalr.o): in function `_getpid_r':
/Volumes/data/jenkins/workspace/GNU-toolchain/arm-12-mpacbti/src/newlib-cygwin/newlib/libc/reent/signalr.c:83: warning: _getpid is not implemented and will always fail
/Users/iridescent/iridescent/iridescentCoconutSynth2/arm-gnu-toolchain-12.2.mpacbti-bet1-darwin-x86_64-arm-none-eabi/bin/../lib/gcc/arm-none-eabi/12.2.0/../../../../arm-none-eabi/bin/ld: /Users/iridescent/iridescent/iridescentCoconutSynth2/arm-gnu-toolchain-12.2.mpacbti-bet1-darwin-x86_64-arm-none-eabi/bin/../lib/gcc/arm-none-eabi/12.2.0/../../../../arm-none-eabi/lib/thumb/v7e-m+dp/hard/libg.a(libc_a-signalr.o): in function `_kill_r':
/Volumes/data/jenkins/workspace/GNU-toolchain/arm-12-mpacbti/src/newlib-cygwin/newlib/libc/reent/signalr.c:53: warning: _kill is not implemented and will always fail
/Users/iridescent/iridescent/iridescentCoconutSynth2/arm-gnu-toolchain-12.2.mpacbti-bet1-darwin-x86_64-arm-none-eabi/bin/../lib/gcc/arm-none-eabi/12.2.0/../../../../arm-none-eabi/bin/ld: /Users/iridescent/iridescent/iridescentCoconutSynth2/arm-gnu-toolchain-12.2.mpacbti-bet1-darwin-x86_64-arm-none-eabi/bin/../lib/gcc/arm-none-eabi/12.2.0/../../../../arm-none-eabi/lib/thumb/v7e-m+dp/hard/libg.a(libc_a-lseekr.o): in function `_lseek_r':
/Volumes/data/jenkins/workspace/GNU-toolchain/arm-12-mpacbti/src/newlib-cygwin/newlib/libc/reent/lseekr.c:49: warning: _lseek is not implemented and will always fail
/Users/iridescent/iridescent/iridescentCoconutSynth2/arm-gnu-toolchain-12.2.mpacbti-bet1-darwin-x86_64-arm-none-eabi/bin/../lib/gcc/arm-none-eabi/12.2.0/../../../../arm-none-eabi/bin/ld: /Users/iridescent/iridescent/iridescentCoconutSynth2/arm-gnu-toolchain-12.2.mpacbti-bet1-darwin-x86_64-arm-none-eabi/bin/../lib/gcc/arm-none-eabi/12.2.0/../../../../arm-none-eabi/lib/thumb/v7e-m+dp/hard/libg.a(libc_a-readr.o): in function `_read_r':
/Volumes/data/jenkins/workspace/GNU-toolchain/arm-12-mpacbti/src/newlib-cygwin/newlib/libc/reent/readr.c:49: warning: _read is not implemented and will always fail
/Users/iridescent/iridescent/iridescentCoconutSynth2/arm-gnu-toolchain-12.2.mpacbti-bet1-darwin-x86_64-arm-none-eabi/bin/../lib/gcc/arm-none-eabi/12.2.0/../../../../arm-none-eabi/bin/ld: /Users/iridescent/iridescent/iridescentCoconutSynth2/arm-gnu-toolchain-12.2.mpacbti-bet1-darwin-x86_64-arm-none-eabi/bin/../lib/gcc/arm-none-eabi/12.2.0/../../../../arm-none-eabi/lib/thumb/v7e-m+dp/hard/libg.a(libc_a-writer.o): in function `_write_r':
/Volumes/data/jenkins/workspace/GNU-toolchain/arm-12-mpacbti/src/newlib-cygwin/newlib/libc/reent/writer.c:49: warning: _write is not implemented and will always fail
/Users/iridescent/iridescent/iridescentCoconutSynth2/arm-gnu-toolchain-12.2.mpacbti-bet1-darwin-x86_64-arm-none-eabi/bin/../lib/gcc/arm-none-eabi/12.2.0/../../../../arm-none-eabi/bin/ld: CMakeFiles/cmTC_981a6.dir/CheckSymbolExists.c.obj: in function `main':
/Users/iridescent/iridescent/iridescentCoconutSynth2/iridescentmicropython/ports/libmicropython/IRIDESCENT/SDL3-main/BUILD/CMakeFiles/CMakeScratch/TryCompile-Reigcm/CheckSymbolExists.c:13: undefined reference to `sysconf'
collect2: error: ld returned 1 exit status
make[2]: *** [cmTC_981a6] Error 1
make[1]: *** [cmTC_981a6/fast] Error 2


File CheckSymbolExists.c:
/* */
#include <unistd.h>

int main(int argc, char** argv)
{
  (void)argv;
#ifndef sysconf
  return ((int*)(&sysconf))[argc];
#else
  (void)argc;
  return 0;
#endif
}
Determining if the sysctlbyname exist failed with the following output:
Change Dir: /Users/iridescent/iridescent/iridescentCoconutSynth2/iridescentmicropython/ports/libmicropython/IRIDESCENT/SDL3-main/BUILD/CMakeFiles/CMakeScratch/TryCompile-EOzxRC

Run Build Command(s):/usr/bin/make -f Makefile cmTC_a4131/fast && /Applications/Xcode.app/Contents/Developer/usr/bin/make  -f CMakeFiles/cmTC_a4131.dir/build.make CMakeFiles/cmTC_a4131.dir/build
Building C object CMakeFiles/cmTC_a4131.dir/CheckSymbolExists.c.obj
/Users/iridescent/iridescent/iridescentCoconutSynth2/arm-gnu-toolchain-12.2.mpacbti-bet1-darwin-x86_64-arm-none-eabi/bin/arm-none-eabi-gcc   -ggdb -O2 -D_POSIX_THREADS -DARDUINO_TEENSY41 -I/Users/iridescent/iridescent/iridescentCoconutSynth2/iridescentmicropython/ports/libmicropython/IRIDESCENT/freertos-teensy-master/src -I/Users/iridescent/iridescent/iridescentCoconutSynth2/iridescentmicropython/ports/libmicropython/IRIDESCENT/freertos-teensy-master/src -I/Users/iridescent/iridescent/iridescentCoconutSynth2/iridescentmicropython/ports/libmicropython/IRIDESCENT/freertos-teensy-master/lib/cpp/src -I/Users/iridescent/iridescent/iridescentCoconutSynth2/iridescentmicropython/ports/libmicropython/IRIDESCENT/cores-master/teensy4 -I/Users/iridescent/iridescent/iridescentCoconutSynth2/iridescentmicropython/ports/libmicropython/IRIDESCENT/FreeRTOS-Plus-POSIX/include -I/Users/iridescent/iridescent/iridescentCoconutSynth2/iridescentmicropython/ports/libmicropython/IRIDESCENT/SDL3-main/src -fno-exceptions -ffunction-sections -fdata-sections -fasynchronous-unwind-tables -mcpu=cortex-m7 -mfloat-abi=hard -mfpu=fpv5-d16 -mthumb -idirafter "/Users/iridescent/iridescent/iridescentCoconutSynth2/iridescentmicropython/ports/libmicropython/IRIDESCENT/SDL3-main/src/video/khronos"  -o CMakeFiles/cmTC_a4131.dir/CheckSymbolExists.c.obj -c /Users/iridescent/iridescent/iridescentCoconutSynth2/iridescentmicropython/ports/libmicropython/IRIDESCENT/SDL3-main/BUILD/CMakeFiles/CMakeScratch/TryCompile-EOzxRC/CheckSymbolExists.c
/Users/iridescent/iridescent/iridescentCoconutSynth2/iridescentmicropython/ports/libmicropython/IRIDESCENT/SDL3-main/BUILD/CMakeFiles/CMakeScratch/TryCompile-EOzxRC/CheckSymbolExists.c:3:10: fatal error: sys/sysctl.h: No such file or directory
    3 | #include <sys/sysctl.h>
      |          ^~~~~~~~~~~~~~
compilation terminated.
make[2]: *** [CMakeFiles/cmTC_a4131.dir/CheckSymbolExists.c.obj] Error 1
make[1]: *** [cmTC_a4131/fast] Error 2


File CheckSymbolExists.c:
/* */
#include <sys/types.h>
#include <sys/sysctl.h>

int main(int argc, char** argv)
{
  (void)argv;
#ifndef sysctlbyname
  return ((int*)(&sysctlbyname))[argc];
#else
  (void)argc;
  return 0;
#endif
}
Determining if the getauxval exist failed with the following output:
Change Dir: /Users/iridescent/iridescent/iridescentCoconutSynth2/iridescentmicropython/ports/libmicropython/IRIDESCENT/SDL3-main/BUILD/CMakeFiles/CMakeScratch/TryCompile-rPfXB6

Run Build Command(s):/usr/bin/make -f Makefile cmTC_9bf40/fast && /Applications/Xcode.app/Contents/Developer/usr/bin/make  -f CMakeFiles/cmTC_9bf40.dir/build.make CMakeFiles/cmTC_9bf40.dir/build
Building C object CMakeFiles/cmTC_9bf40.dir/CheckSymbolExists.c.obj
/Users/iridescent/iridescent/iridescentCoconutSynth2/arm-gnu-toolchain-12.2.mpacbti-bet1-darwin-x86_64-arm-none-eabi/bin/arm-none-eabi-gcc   -ggdb -O2 -D_POSIX_THREADS -DARDUINO_TEENSY41 -I/Users/iridescent/iridescent/iridescentCoconutSynth2/iridescentmicropython/ports/libmicropython/IRIDESCENT/freertos-teensy-master/src -I/Users/iridescent/iridescent/iridescentCoconutSynth2/iridescentmicropython/ports/libmicropython/IRIDESCENT/freertos-teensy-master/src -I/Users/iridescent/iridescent/iridescentCoconutSynth2/iridescentmicropython/ports/libmicropython/IRIDESCENT/freertos-teensy-master/lib/cpp/src -I/Users/iridescent/iridescent/iridescentCoconutSynth2/iridescentmicropython/ports/libmicropython/IRIDESCENT/cores-master/teensy4 -I/Users/iridescent/iridescent/iridescentCoconutSynth2/iridescentmicropython/ports/libmicropython/IRIDESCENT/FreeRTOS-Plus-POSIX/include -I/Users/iridescent/iridescent/iridescentCoconutSynth2/iridescentmicropython/ports/libmicropython/IRIDESCENT/SDL3-main/src -fno-exceptions -ffunction-sections -fdata-sections -fasynchronous-unwind-tables -mcpu=cortex-m7 -mfloat-abi=hard -mfpu=fpv5-d16 -mthumb -idirafter "/Users/iridescent/iridescent/iridescentCoconutSynth2/iridescentmicropython/ports/libmicropython/IRIDESCENT/SDL3-main/src/video/khronos"  -o CMakeFiles/cmTC_9bf40.dir/CheckSymbolExists.c.obj -c /Users/iridescent/iridescent/iridescentCoconutSynth2/iridescentmicropython/ports/libmicropython/IRIDESCENT/SDL3-main/BUILD/CMakeFiles/CMakeScratch/TryCompile-rPfXB6/CheckSymbolExists.c
/Users/iridescent/iridescent/iridescentCoconutSynth2/iridescentmicropython/ports/libmicropython/IRIDESCENT/SDL3-main/BUILD/CMakeFiles/CMakeScratch/TryCompile-rPfXB6/CheckSymbolExists.c:2:10: fatal error: sys/auxv.h: No such file or directory
    2 | #include <sys/auxv.h>
      |          ^~~~~~~~~~~~
compilation terminated.
make[2]: *** [CMakeFiles/cmTC_9bf40.dir/CheckSymbolExists.c.obj] Error 1
make[1]: *** [cmTC_9bf40/fast] Error 2


File CheckSymbolExists.c:
/* */
#include <sys/auxv.h>

int main(int argc, char** argv)
{
  (void)argv;
#ifndef getauxval
  return ((int*)(&getauxval))[argc];
#else
  (void)argc;
  return 0;
#endif
}
Determining if the elf_aux_info exist failed with the following output:
Change Dir: /Users/iridescent/iridescent/iridescentCoconutSynth2/iridescentmicropython/ports/libmicropython/IRIDESCENT/SDL3-main/BUILD/CMakeFiles/CMakeScratch/TryCompile-QaOPfI

Run Build Command(s):/usr/bin/make -f Makefile cmTC_cd208/fast && /Applications/Xcode.app/Contents/Developer/usr/bin/make  -f CMakeFiles/cmTC_cd208.dir/build.make CMakeFiles/cmTC_cd208.dir/build
Building C object CMakeFiles/cmTC_cd208.dir/CheckSymbolExists.c.obj
/Users/iridescent/iridescent/iridescentCoconutSynth2/arm-gnu-toolchain-12.2.mpacbti-bet1-darwin-x86_64-arm-none-eabi/bin/arm-none-eabi-gcc   -ggdb -O2 -D_POSIX_THREADS -DARDUINO_TEENSY41 -I/Users/iridescent/iridescent/iridescentCoconutSynth2/iridescentmicropython/ports/libmicropython/IRIDESCENT/freertos-teensy-master/src -I/Users/iridescent/iridescent/iridescentCoconutSynth2/iridescentmicropython/ports/libmicropython/IRIDESCENT/freertos-teensy-master/src -I/Users/iridescent/iridescent/iridescentCoconutSynth2/iridescentmicropython/ports/libmicropython/IRIDESCENT/freertos-teensy-master/lib/cpp/src -I/Users/iridescent/iridescent/iridescentCoconutSynth2/iridescentmicropython/ports/libmicropython/IRIDESCENT/cores-master/teensy4 -I/Users/iridescent/iridescent/iridescentCoconutSynth2/iridescentmicropython/ports/libmicropython/IRIDESCENT/FreeRTOS-Plus-POSIX/include -I/Users/iridescent/iridescent/iridescentCoconutSynth2/iridescentmicropython/ports/libmicropython/IRIDESCENT/SDL3-main/src -fno-exceptions -ffunction-sections -fdata-sections -fasynchronous-unwind-tables -mcpu=cortex-m7 -mfloat-abi=hard -mfpu=fpv5-d16 -mthumb -idirafter "/Users/iridescent/iridescent/iridescentCoconutSynth2/iridescentmicropython/ports/libmicropython/IRIDESCENT/SDL3-main/src/video/khronos"  -o CMakeFiles/cmTC_cd208.dir/CheckSymbolExists.c.obj -c /Users/iridescent/iridescent/iridescentCoconutSynth2/iridescentmicropython/ports/libmicropython/IRIDESCENT/SDL3-main/BUILD/CMakeFiles/CMakeScratch/TryCompile-QaOPfI/CheckSymbolExists.c
/Users/iridescent/iridescent/iridescentCoconutSynth2/iridescentmicropython/ports/libmicropython/IRIDESCENT/SDL3-main/BUILD/CMakeFiles/CMakeScratch/TryCompile-QaOPfI/CheckSymbolExists.c:2:10: fatal error: sys/auxv.h: No such file or directory
    2 | #include <sys/auxv.h>
      |          ^~~~~~~~~~~~
compilation terminated.
make[2]: *** [CMakeFiles/cmTC_cd208.dir/CheckSymbolExists.c.obj] Error 1
make[1]: *** [cmTC_cd208/fast] Error 2


File CheckSymbolExists.c:
/* */
#include <sys/auxv.h>

int main(int argc, char** argv)
{
  (void)argv;
#ifndef elf_aux_info
  return ((int*)(&elf_aux_info))[argc];
#else
  (void)argc;
  return 0;
#endif
}
Determining if the poll exist failed with the following output:
Change Dir: /Users/iridescent/iridescent/iridescentCoconutSynth2/iridescentmicropython/ports/libmicropython/IRIDESCENT/SDL3-main/BUILD/CMakeFiles/CMakeScratch/TryCompile-NADiCg

Run Build Command(s):/usr/bin/make -f Makefile cmTC_142ab/fast && /Applications/Xcode.app/Contents/Developer/usr/bin/make  -f CMakeFiles/cmTC_142ab.dir/build.make CMakeFiles/cmTC_142ab.dir/build
Building C object CMakeFiles/cmTC_142ab.dir/CheckSymbolExists.c.obj
/Users/iridescent/iridescent/iridescentCoconutSynth2/arm-gnu-toolchain-12.2.mpacbti-bet1-darwin-x86_64-arm-none-eabi/bin/arm-none-eabi-gcc   -ggdb -O2 -D_POSIX_THREADS -DARDUINO_TEENSY41 -I/Users/iridescent/iridescent/iridescentCoconutSynth2/iridescentmicropython/ports/libmicropython/IRIDESCENT/freertos-teensy-master/src -I/Users/iridescent/iridescent/iridescentCoconutSynth2/iridescentmicropython/ports/libmicropython/IRIDESCENT/freertos-teensy-master/src -I/Users/iridescent/iridescent/iridescentCoconutSynth2/iridescentmicropython/ports/libmicropython/IRIDESCENT/freertos-teensy-master/lib/cpp/src -I/Users/iridescent/iridescent/iridescentCoconutSynth2/iridescentmicropython/ports/libmicropython/IRIDESCENT/cores-master/teensy4 -I/Users/iridescent/iridescent/iridescentCoconutSynth2/iridescentmicropython/ports/libmicropython/IRIDESCENT/FreeRTOS-Plus-POSIX/include -I/Users/iridescent/iridescent/iridescentCoconutSynth2/iridescentmicropython/ports/libmicropython/IRIDESCENT/SDL3-main/src -fno-exceptions -ffunction-sections -fdata-sections -fasynchronous-unwind-tables -mcpu=cortex-m7 -mfloat-abi=hard -mfpu=fpv5-d16 -mthumb -idirafter "/Users/iridescent/iridescent/iridescentCoconutSynth2/iridescentmicropython/ports/libmicropython/IRIDESCENT/SDL3-main/src/video/khronos"  -o CMakeFiles/cmTC_142ab.dir/CheckSymbolExists.c.obj -c /Users/iridescent/iridescent/iridescentCoconutSynth2/iridescentmicropython/ports/libmicropython/IRIDESCENT/SDL3-main/BUILD/CMakeFiles/CMakeScratch/TryCompile-NADiCg/CheckSymbolExists.c
/Users/iridescent/iridescent/iridescentCoconutSynth2/iridescentmicropython/ports/libmicropython/IRIDESCENT/SDL3-main/BUILD/CMakeFiles/CMakeScratch/TryCompile-NADiCg/CheckSymbolExists.c:2:10: fatal error: poll.h: No such file or directory
    2 | #include <poll.h>
      |          ^~~~~~~~
compilation terminated.
make[2]: *** [CMakeFiles/cmTC_142ab.dir/CheckSymbolExists.c.obj] Error 1
make[1]: *** [cmTC_142ab/fast] Error 2


File CheckSymbolExists.c:
/* */
#include <poll.h>

int main(int argc, char** argv)
{
  (void)argv;
#ifndef poll
  return ((int*)(&poll))[argc];
#else
  (void)argc;
  return 0;
#endif
}
Determining if the function iconv_open exists in the iconv failed with the following output:
Change Dir: /Users/iridescent/iridescent/iridescentCoconutSynth2/iridescentmicropython/ports/libmicropython/IRIDESCENT/SDL3-main/BUILD/CMakeFiles/CMakeScratch/TryCompile-zym6WO

Run Build Command(s):/usr/bin/make -f Makefile cmTC_e58af/fast && /Applications/Xcode.app/Contents/Developer/usr/bin/make  -f CMakeFiles/cmTC_e58af.dir/build.make CMakeFiles/cmTC_e58af.dir/build
Building C object CMakeFiles/cmTC_e58af.dir/CheckFunctionExists.c.obj
/Users/iridescent/iridescent/iridescentCoconutSynth2/arm-gnu-toolchain-12.2.mpacbti-bet1-darwin-x86_64-arm-none-eabi/bin/arm-none-eabi-gcc   -ggdb -O2 -D_POSIX_THREADS -DARDUINO_TEENSY41 -I/Users/iridescent/iridescent/iridescentCoconutSynth2/iridescentmicropython/ports/libmicropython/IRIDESCENT/freertos-teensy-master/src -I/Users/iridescent/iridescent/iridescentCoconutSynth2/iridescentmicropython/ports/libmicropython/IRIDESCENT/freertos-teensy-master/src -I/Users/iridescent/iridescent/iridescentCoconutSynth2/iridescentmicropython/ports/libmicropython/IRIDESCENT/freertos-teensy-master/lib/cpp/src -I/Users/iridescent/iridescent/iridescentCoconutSynth2/iridescentmicropython/ports/libmicropython/IRIDESCENT/cores-master/teensy4 -I/Users/iridescent/iridescent/iridescentCoconutSynth2/iridescentmicropython/ports/libmicropython/IRIDESCENT/FreeRTOS-Plus-POSIX/include -I/Users/iridescent/iridescent/iridescentCoconutSynth2/iridescentmicropython/ports/libmicropython/IRIDESCENT/SDL3-main/src -fno-exceptions -ffunction-sections -fdata-sections -fasynchronous-unwind-tables -mcpu=cortex-m7 -mfloat-abi=hard -mfpu=fpv5-d16 -mthumb -idirafter "/Users/iridescent/iridescent/iridescentCoconutSynth2/iridescentmicropython/ports/libmicropython/IRIDESCENT/SDL3-main/src/video/khronos" -DCHECK_FUNCTION_EXISTS=iconv_open -o CMakeFiles/cmTC_e58af.dir/CheckFunctionExists.c.obj -c /Users/iridescent/iridescent/iridescentCoconutSynth2/iridescentmicropython/ports/libmicropython/IRIDESCENT/SDL3-main/BUILD/CMakeFiles/CMakeScratch/TryCompile-zym6WO/CheckFunctionExists.c
Linking C executable cmTC_e58af
/usr/local/Cellar/cmake/3.25.1/bin/cmake -E cmake_link_script CMakeFiles/cmTC_e58af.dir/link.txt --verbose=1
/Users/iridescent/iridescent/iridescentCoconutSynth2/arm-gnu-toolchain-12.2.mpacbti-bet1-darwin-x86_64-arm-none-eabi/bin/arm-none-eabi-gcc -ggdb -O2 -D_POSIX_THREADS -DARDUINO_TEENSY41 -I/Users/iridescent/iridescent/iridescentCoconutSynth2/iridescentmicropython/ports/libmicropython/IRIDESCENT/freertos-teensy-master/src -I/Users/iridescent/iridescent/iridescentCoconutSynth2/iridescentmicropython/ports/libmicropython/IRIDESCENT/freertos-teensy-master/src -I/Users/iridescent/iridescent/iridescentCoconutSynth2/iridescentmicropython/ports/libmicropython/IRIDESCENT/freertos-teensy-master/lib/cpp/src -I/Users/iridescent/iridescent/iridescentCoconutSynth2/iridescentmicropython/ports/libmicropython/IRIDESCENT/cores-master/teensy4 -I/Users/iridescent/iridescent/iridescentCoconutSynth2/iridescentmicropython/ports/libmicropython/IRIDESCENT/FreeRTOS-Plus-POSIX/include -I/Users/iridescent/iridescent/iridescentCoconutSynth2/iridescentmicropython/ports/libmicropython/IRIDESCENT/SDL3-main/src -fno-exceptions -ffunction-sections -fdata-sections -fasynchronous-unwind-tables -mcpu=cortex-m7 -mfloat-abi=hard -mfpu=fpv5-d16 -mthumb -idirafter "/Users/iridescent/iridescent/iridescentCoconutSynth2/iridescentmicropython/ports/libmicropython/IRIDESCENT/SDL3-main/src/video/khronos" -DCHECK_FUNCTION_EXISTS=iconv_open -specs=nosys.specs  CMakeFiles/cmTC_e58af.dir/CheckFunctionExists.c.obj -o cmTC_e58af  -liconv 
/Users/iridescent/iridescent/iridescentCoconutSynth2/arm-gnu-toolchain-12.2.mpacbti-bet1-darwin-x86_64-arm-none-eabi/bin/../lib/gcc/arm-none-eabi/12.2.0/../../../../arm-none-eabi/bin/ld: cannot find -liconv: No such file or directory
collect2: error: ld returned 1 exit status
make[2]: *** [cmTC_e58af] Error 1
make[1]: *** [cmTC_e58af/fast] Error 2



Determining if the function iconv_open exists in the c failed with the following output:
Change Dir: /Users/iridescent/iridescent/iridescentCoconutSynth2/iridescentmicropython/ports/libmicropython/IRIDESCENT/SDL3-main/BUILD/CMakeFiles/CMakeScratch/TryCompile-1HWnbI

Run Build Command(s):/usr/bin/make -f Makefile cmTC_1e5b0/fast && /Applications/Xcode.app/Contents/Developer/usr/bin/make  -f CMakeFiles/cmTC_1e5b0.dir/build.make CMakeFiles/cmTC_1e5b0.dir/build
Building C object CMakeFiles/cmTC_1e5b0.dir/CheckFunctionExists.c.obj
/Users/iridescent/iridescent/iridescentCoconutSynth2/arm-gnu-toolchain-12.2.mpacbti-bet1-darwin-x86_64-arm-none-eabi/bin/arm-none-eabi-gcc   -ggdb -O2 -D_POSIX_THREADS -DARDUINO_TEENSY41 -I/Users/iridescent/iridescent/iridescentCoconutSynth2/iridescentmicropython/ports/libmicropython/IRIDESCENT/freertos-teensy-master/src -I/Users/iridescent/iridescent/iridescentCoconutSynth2/iridescentmicropython/ports/libmicropython/IRIDESCENT/freertos-teensy-master/src -I/Users/iridescent/iridescent/iridescentCoconutSynth2/iridescentmicropython/ports/libmicropython/IRIDESCENT/freertos-teensy-master/lib/cpp/src -I/Users/iridescent/iridescent/iridescentCoconutSynth2/iridescentmicropython/ports/libmicropython/IRIDESCENT/cores-master/teensy4 -I/Users/iridescent/iridescent/iridescentCoconutSynth2/iridescentmicropython/ports/libmicropython/IRIDESCENT/FreeRTOS-Plus-POSIX/include -I/Users/iridescent/iridescent/iridescentCoconutSynth2/iridescentmicropython/ports/libmicropython/IRIDESCENT/SDL3-main/src -fno-exceptions -ffunction-sections -fdata-sections -fasynchronous-unwind-tables -mcpu=cortex-m7 -mfloat-abi=hard -mfpu=fpv5-d16 -mthumb -idirafter "/Users/iridescent/iridescent/iridescentCoconutSynth2/iridescentmicropython/ports/libmicropython/IRIDESCENT/SDL3-main/src/video/khronos" -DCHECK_FUNCTION_EXISTS=iconv_open -o CMakeFiles/cmTC_1e5b0.dir/CheckFunctionExists.c.obj -c /Users/iridescent/iridescent/iridescentCoconutSynth2/iridescentmicropython/ports/libmicropython/IRIDESCENT/SDL3-main/BUILD/CMakeFiles/CMakeScratch/TryCompile-1HWnbI/CheckFunctionExists.c
Linking C executable cmTC_1e5b0
/usr/local/Cellar/cmake/3.25.1/bin/cmake -E cmake_link_script CMakeFiles/cmTC_1e5b0.dir/link.txt --verbose=1
/Users/iridescent/iridescent/iridescentCoconutSynth2/arm-gnu-toolchain-12.2.mpacbti-bet1-darwin-x86_64-arm-none-eabi/bin/arm-none-eabi-gcc -ggdb -O2 -D_POSIX_THREADS -DARDUINO_TEENSY41 -I/Users/iridescent/iridescent/iridescentCoconutSynth2/iridescentmicropython/ports/libmicropython/IRIDESCENT/freertos-teensy-master/src -I/Users/iridescent/iridescent/iridescentCoconutSynth2/iridescentmicropython/ports/libmicropython/IRIDESCENT/freertos-teensy-master/src -I/Users/iridescent/iridescent/iridescentCoconutSynth2/iridescentmicropython/ports/libmicropython/IRIDESCENT/freertos-teensy-master/lib/cpp/src -I/Users/iridescent/iridescent/iridescentCoconutSynth2/iridescentmicropython/ports/libmicropython/IRIDESCENT/cores-master/teensy4 -I/Users/iridescent/iridescent/iridescentCoconutSynth2/iridescentmicropython/ports/libmicropython/IRIDESCENT/FreeRTOS-Plus-POSIX/include -I/Users/iridescent/iridescent/iridescentCoconutSynth2/iridescentmicropython/ports/libmicropython/IRIDESCENT/SDL3-main/src -fno-exceptions -ffunction-sections -fdata-sections -fasynchronous-unwind-tables -mcpu=cortex-m7 -mfloat-abi=hard -mfpu=fpv5-d16 -mthumb -idirafter "/Users/iridescent/iridescent/iridescentCoconutSynth2/iridescentmicropython/ports/libmicropython/IRIDESCENT/SDL3-main/src/video/khronos" -DCHECK_FUNCTION_EXISTS=iconv_open -specs=nosys.specs  CMakeFiles/cmTC_1e5b0.dir/CheckFunctionExists.c.obj -o cmTC_1e5b0  -lc 
/Users/iridescent/iridescent/iridescentCoconutSynth2/arm-gnu-toolchain-12.2.mpacbti-bet1-darwin-x86_64-arm-none-eabi/bin/../lib/gcc/arm-none-eabi/12.2.0/../../../../arm-none-eabi/bin/ld: /Users/iridescent/iridescent/iridescentCoconutSynth2/arm-gnu-toolchain-12.2.mpacbti-bet1-darwin-x86_64-arm-none-eabi/bin/../lib/gcc/arm-none-eabi/12.2.0/../../../../arm-none-eabi/lib/thumb/v7e-m+dp/hard/libc.a(libc_a-closer.o): in function `_close_r':
/Volumes/data/jenkins/workspace/GNU-toolchain/arm-12-mpacbti/src/newlib-cygwin/newlib/libc/reent/closer.c:47: warning: _close is not implemented and will always fail
/Users/iridescent/iridescent/iridescentCoconutSynth2/arm-gnu-toolchain-12.2.mpacbti-bet1-darwin-x86_64-arm-none-eabi/bin/../lib/gcc/arm-none-eabi/12.2.0/../../../../arm-none-eabi/bin/ld: /Users/iridescent/iridescent/iridescentCoconutSynth2/arm-gnu-toolchain-12.2.mpacbti-bet1-darwin-x86_64-arm-none-eabi/bin/../lib/gcc/arm-none-eabi/12.2.0/../../../../arm-none-eabi/lib/thumb/v7e-m+dp/hard/libg.a(libc_a-signalr.o): in function `_getpid_r':
/Volumes/data/jenkins/workspace/GNU-toolchain/arm-12-mpacbti/src/newlib-cygwin/newlib/libc/reent/signalr.c:83: warning: _getpid is not implemented and will always fail
/Users/iridescent/iridescent/iridescentCoconutSynth2/arm-gnu-toolchain-12.2.mpacbti-bet1-darwin-x86_64-arm-none-eabi/bin/../lib/gcc/arm-none-eabi/12.2.0/../../../../arm-none-eabi/bin/ld: /Users/iridescent/iridescent/iridescentCoconutSynth2/arm-gnu-toolchain-12.2.mpacbti-bet1-darwin-x86_64-arm-none-eabi/bin/../lib/gcc/arm-none-eabi/12.2.0/../../../../arm-none-eabi/lib/thumb/v7e-m+dp/hard/libg.a(libc_a-signalr.o): in function `_kill_r':
/Volumes/data/jenkins/workspace/GNU-toolchain/arm-12-mpacbti/src/newlib-cygwin/newlib/libc/reent/signalr.c:53: warning: _kill is not implemented and will always fail
/Users/iridescent/iridescent/iridescentCoconutSynth2/arm-gnu-toolchain-12.2.mpacbti-bet1-darwin-x86_64-arm-none-eabi/bin/../lib/gcc/arm-none-eabi/12.2.0/../../../../arm-none-eabi/bin/ld: /Users/iridescent/iridescent/iridescentCoconutSynth2/arm-gnu-toolchain-12.2.mpacbti-bet1-darwin-x86_64-arm-none-eabi/bin/../lib/gcc/arm-none-eabi/12.2.0/../../../../arm-none-eabi/lib/thumb/v7e-m+dp/hard/libc.a(libc_a-lseekr.o): in function `_lseek_r':
/Volumes/data/jenkins/workspace/GNU-toolchain/arm-12-mpacbti/src/newlib-cygwin/newlib/libc/reent/lseekr.c:49: warning: _lseek is not implemented and will always fail
/Users/iridescent/iridescent/iridescentCoconutSynth2/arm-gnu-toolchain-12.2.mpacbti-bet1-darwin-x86_64-arm-none-eabi/bin/../lib/gcc/arm-none-eabi/12.2.0/../../../../arm-none-eabi/bin/ld: /Users/iridescent/iridescent/iridescentCoconutSynth2/arm-gnu-toolchain-12.2.mpacbti-bet1-darwin-x86_64-arm-none-eabi/bin/../lib/gcc/arm-none-eabi/12.2.0/../../../../arm-none-eabi/lib/thumb/v7e-m+dp/hard/libc.a(libc_a-readr.o): in function `_read_r':
/Volumes/data/jenkins/workspace/GNU-toolchain/arm-12-mpacbti/src/newlib-cygwin/newlib/libc/reent/readr.c:49: warning: _read is not implemented and will always fail
/Users/iridescent/iridescent/iridescentCoconutSynth2/arm-gnu-toolchain-12.2.mpacbti-bet1-darwin-x86_64-arm-none-eabi/bin/../lib/gcc/arm-none-eabi/12.2.0/../../../../arm-none-eabi/bin/ld: /Users/iridescent/iridescent/iridescentCoconutSynth2/arm-gnu-toolchain-12.2.mpacbti-bet1-darwin-x86_64-arm-none-eabi/bin/../lib/gcc/arm-none-eabi/12.2.0/../../../../arm-none-eabi/lib/thumb/v7e-m+dp/hard/libc.a(libc_a-writer.o): in function `_write_r':
/Volumes/data/jenkins/workspace/GNU-toolchain/arm-12-mpacbti/src/newlib-cygwin/newlib/libc/reent/writer.c:49: warning: _write is not implemented and will always fail
/Users/iridescent/iridescent/iridescentCoconutSynth2/arm-gnu-toolchain-12.2.mpacbti-bet1-darwin-x86_64-arm-none-eabi/bin/../lib/gcc/arm-none-eabi/12.2.0/../../../../arm-none-eabi/bin/ld: CMakeFiles/cmTC_1e5b0.dir/CheckFunctionExists.c.obj: in function `main':
/Users/iridescent/iridescent/iridescentCoconutSynth2/iridescentmicropython/ports/libmicropython/IRIDESCENT/SDL3-main/BUILD/CMakeFiles/CMakeScratch/TryCompile-1HWnbI/CheckFunctionExists.c:17: undefined reference to `iconv_open'
collect2: error: ld returned 1 exit status
make[2]: *** [cmTC_1e5b0] Error 1
make[1]: *** [cmTC_1e5b0/fast] Error 2



Determining if the alloca exist failed with the following output:
Change Dir: /Users/iridescent/iridescent/iridescentCoconutSynth2/iridescentmicropython/ports/libmicropython/IRIDESCENT/SDL3-main/BUILD/CMakeFiles/CMakeScratch/TryCompile-d1eq6S

Run Build Command(s):/usr/bin/make -f Makefile cmTC_521c7/fast && /Applications/Xcode.app/Contents/Developer/usr/bin/make  -f CMakeFiles/cmTC_521c7.dir/build.make CMakeFiles/cmTC_521c7.dir/build
Building C object CMakeFiles/cmTC_521c7.dir/CheckSymbolExists.c.obj
/Users/iridescent/iridescent/iridescentCoconutSynth2/arm-gnu-toolchain-12.2.mpacbti-bet1-darwin-x86_64-arm-none-eabi/bin/arm-none-eabi-gcc   -ggdb -O2 -D_POSIX_THREADS -DARDUINO_TEENSY41 -I/Users/iridescent/iridescent/iridescentCoconutSynth2/iridescentmicropython/ports/libmicropython/IRIDESCENT/freertos-teensy-master/src -I/Users/iridescent/iridescent/iridescentCoconutSynth2/iridescentmicropython/ports/libmicropython/IRIDESCENT/freertos-teensy-master/src -I/Users/iridescent/iridescent/iridescentCoconutSynth2/iridescentmicropython/ports/libmicropython/IRIDESCENT/freertos-teensy-master/lib/cpp/src -I/Users/iridescent/iridescent/iridescentCoconutSynth2/iridescentmicropython/ports/libmicropython/IRIDESCENT/cores-master/teensy4 -I/Users/iridescent/iridescent/iridescentCoconutSynth2/iridescentmicropython/ports/libmicropython/IRIDESCENT/FreeRTOS-Plus-POSIX/include -I/Users/iridescent/iridescent/iridescentCoconutSynth2/iridescentmicropython/ports/libmicropython/IRIDESCENT/SDL3-main/src -fno-exceptions -ffunction-sections -fdata-sections -fasynchronous-unwind-tables -mcpu=cortex-m7 -mfloat-abi=hard -mfpu=fpv5-d16 -mthumb -idirafter "/Users/iridescent/iridescent/iridescentCoconutSynth2/iridescentmicropython/ports/libmicropython/IRIDESCENT/SDL3-main/src/video/khronos"  -o CMakeFiles/cmTC_521c7.dir/CheckSymbolExists.c.obj -c /Users/iridescent/iridescent/iridescentCoconutSynth2/iridescentmicropython/ports/libmicropython/IRIDESCENT/SDL3-main/BUILD/CMakeFiles/CMakeScratch/TryCompile-d1eq6S/CheckSymbolExists.c
/Users/iridescent/iridescent/iridescentCoconutSynth2/iridescentmicropython/ports/libmicropython/IRIDESCENT/SDL3-main/BUILD/CMakeFiles/CMakeScratch/TryCompile-d1eq6S/CheckSymbolExists.c: In function 'main':
/Users/iridescent/iridescent/iridescentCoconutSynth2/iridescentmicropython/ports/libmicropython/IRIDESCENT/SDL3-main/BUILD/CMakeFiles/CMakeScratch/TryCompile-d1eq6S/CheckSymbolExists.c:8:19: error: 'alloca' undeclared (first use in this function); did you mean 'valloc'?
    8 |   return ((int*)(&alloca))[argc];
      |                   ^~~~~~
      |                   valloc
/Users/iridescent/iridescent/iridescentCoconutSynth2/iridescentmicropython/ports/libmicropython/IRIDESCENT/SDL3-main/BUILD/CMakeFiles/CMakeScratch/TryCompile-d1eq6S/CheckSymbolExists.c:8:19: note: each undeclared identifier is reported only once for each function it appears in
make[2]: *** [CMakeFiles/cmTC_521c7.dir/CheckSymbolExists.c.obj] Error 1
make[1]: *** [cmTC_521c7/fast] Error 2


File CheckSymbolExists.c:
/* */
#include <malloc.h>

int main(int argc, char** argv)
{
  (void)argv;
#ifndef alloca
  return ((int*)(&alloca))[argc];
#else
  (void)argc;
  return 0;
#endif
}
Performing C SOURCE FILE Test HAVE_SA_SIGACTION failed with the following output:
Change Dir: /Users/iridescent/iridescent/iridescentCoconutSynth2/iridescentmicropython/ports/libmicropython/IRIDESCENT/SDL3-main/BUILD/CMakeFiles/CMakeScratch/TryCompile-GoDxbZ

Run Build Command(s):/usr/bin/make -f Makefile cmTC_9f529/fast && /Applications/Xcode.app/Contents/Developer/usr/bin/make  -f CMakeFiles/cmTC_9f529.dir/build.make CMakeFiles/cmTC_9f529.dir/build
Building C object CMakeFiles/cmTC_9f529.dir/src.c.obj
/Users/iridescent/iridescent/iridescentCoconutSynth2/arm-gnu-toolchain-12.2.mpacbti-bet1-darwin-x86_64-arm-none-eabi/bin/arm-none-eabi-gcc -DHAVE_SA_SIGACTION  -ggdb -O2 -D_POSIX_THREADS -DARDUINO_TEENSY41 -I/Users/iridescent/iridescent/iridescentCoconutSynth2/iridescentmicropython/ports/libmicropython/IRIDESCENT/freertos-teensy-master/src -I/Users/iridescent/iridescent/iridescentCoconutSynth2/iridescentmicropython/ports/libmicropython/IRIDESCENT/freertos-teensy-master/src -I/Users/iridescent/iridescent/iridescentCoconutSynth2/iridescentmicropython/ports/libmicropython/IRIDESCENT/freertos-teensy-master/lib/cpp/src -I/Users/iridescent/iridescent/iridescentCoconutSynth2/iridescentmicropython/ports/libmicropython/IRIDESCENT/cores-master/teensy4 -I/Users/iridescent/iridescent/iridescentCoconutSynth2/iridescentmicropython/ports/libmicropython/IRIDESCENT/FreeRTOS-Plus-POSIX/include -I/Users/iridescent/iridescent/iridescentCoconutSynth2/iridescentmicropython/ports/libmicropython/IRIDESCENT/SDL3-main/src -fno-exceptions -ffunction-sections -fdata-sections -fasynchronous-unwind-tables -mcpu=cortex-m7 -mfloat-abi=hard -mfpu=fpv5-d16 -mthumb -idirafter "/Users/iridescent/iridescent/iridescentCoconutSynth2/iridescentmicropython/ports/libmicropython/IRIDESCENT/SDL3-main/src/video/khronos"  -o CMakeFiles/cmTC_9f529.dir/src.c.obj -c /Users/iridescent/iridescent/iridescentCoconutSynth2/iridescentmicropython/ports/libmicropython/IRIDESCENT/SDL3-main/BUILD/CMakeFiles/CMakeScratch/TryCompile-GoDxbZ/src.c
/Users/iridescent/iridescent/iridescentCoconutSynth2/iridescentmicropython/ports/libmicropython/IRIDESCENT/SDL3-main/BUILD/CMakeFiles/CMakeScratch/TryCompile-GoDxbZ/src.c: In function 'main':
/Users/iridescent/iridescent/iridescentCoconutSynth2/iridescentmicropython/ports/libmicropython/IRIDESCENT/SDL3-main/BUILD/CMakeFiles/CMakeScratch/TryCompile-GoDxbZ/src.c:6:39: error: 'struct sigaction' has no member named 'sa_sigaction'
    6 |   (void)sizeof(((struct sigaction *)0)->sa_sigaction);
      |                                       ^~
make[2]: *** [CMakeFiles/cmTC_9f529.dir/src.c.obj] Error 1
make[1]: *** [cmTC_9f529/fast] Error 2


Source file was:

#include <signal.h>

int main()
{
  (void)sizeof(((struct sigaction *)0)->sa_sigaction);
  return 0;
}


Determining if the include file samplerate.h exists failed with the following output:
Change Dir: /Users/iridescent/iridescent/iridescentCoconutSynth2/iridescentmicropython/ports/libmicropython/IRIDESCENT/SDL3-main/BUILD/CMakeFiles/CMakeScratch/TryCompile-YyB9eE

Run Build Command(s):/usr/bin/make -f Makefile cmTC_bd336/fast && /Applications/Xcode.app/Contents/Developer/usr/bin/make  -f CMakeFiles/cmTC_bd336.dir/build.make CMakeFiles/cmTC_bd336.dir/build
Building C object CMakeFiles/cmTC_bd336.dir/CheckIncludeFile.c.obj
/Users/iridescent/iridescent/iridescentCoconutSynth2/arm-gnu-toolchain-12.2.mpacbti-bet1-darwin-x86_64-arm-none-eabi/bin/arm-none-eabi-gcc   -ggdb -O2 -D_POSIX_THREADS -DARDUINO_TEENSY41 -I/Users/iridescent/iridescent/iridescentCoconutSynth2/iridescentmicropython/ports/libmicropython/IRIDESCENT/freertos-teensy-master/src -I/Users/iridescent/iridescent/iridescentCoconutSynth2/iridescentmicropython/ports/libmicropython/IRIDESCENT/freertos-teensy-master/src -I/Users/iridescent/iridescent/iridescentCoconutSynth2/iridescentmicropython/ports/libmicropython/IRIDESCENT/freertos-teensy-master/lib/cpp/src -I/Users/iridescent/iridescent/iridescentCoconutSynth2/iridescentmicropython/ports/libmicropython/IRIDESCENT/cores-master/teensy4 -I/Users/iridescent/iridescent/iridescentCoconutSynth2/iridescentmicropython/ports/libmicropython/IRIDESCENT/FreeRTOS-Plus-POSIX/include -I/Users/iridescent/iridescent/iridescentCoconutSynth2/iridescentmicropython/ports/libmicropython/IRIDESCENT/SDL3-main/src -fno-exceptions -ffunction-sections -fdata-sections -fasynchronous-unwind-tables -mcpu=cortex-m7 -mfloat-abi=hard -mfpu=fpv5-d16 -mthumb -idirafter "/Users/iridescent/iridescent/iridescentCoconutSynth2/iridescentmicropython/ports/libmicropython/IRIDESCENT/SDL3-main/src/video/khronos"  -o CMakeFiles/cmTC_bd336.dir/CheckIncludeFile.c.obj -c /Users/iridescent/iridescent/iridescentCoconutSynth2/iridescentmicropython/ports/libmicropython/IRIDESCENT/SDL3-main/BUILD/CMakeFiles/CMakeScratch/TryCompile-YyB9eE/CheckIncludeFile.c
/Users/iridescent/iridescent/iridescentCoconutSynth2/iridescentmicropython/ports/libmicropython/IRIDESCENT/SDL3-main/BUILD/CMakeFiles/CMakeScratch/TryCompile-YyB9eE/CheckIncludeFile.c:1:10: fatal error: samplerate.h: No such file or directory
    1 | #include <samplerate.h>
      |          ^~~~~~~~~~~~~~
compilation terminated.
make[2]: *** [CMakeFiles/cmTC_bd336.dir/CheckIncludeFile.c.obj] Error 1
make[1]: *** [cmTC_bd336/fast] Error 2



