Performing C SOURCE FILE Test HAVE_OPENGLES_V1 failed with the following output:
Change Dir: /Users/iridescent/iridescent/iridescentCoconutSynth2/iridescentmicropython/ports/libmicropython/IRIDESCENT/sdl2-compat-main/BUILD/CMakeFiles/CMakeScratch/TryCompile-nXgXal

Run Build Command(s):/usr/bin/make -f Makefile cmTC_8b224/fast && /Applications/Xcode.app/Contents/Developer/usr/bin/make  -f CMakeFiles/cmTC_8b224.dir/build.make CMakeFiles/cmTC_8b224.dir/build
Building C object CMakeFiles/cmTC_8b224.dir/src.c.obj
/Users/iridescent/iridescent/iridescentCoconutSynth2/arm-gnu-toolchain-12.2.mpacbti-bet1-darwin-x86_64-arm-none-eabi/bin/arm-none-eabi-gcc -DHAVE_OPENGLES_V1   -o CMakeFiles/cmTC_8b224.dir/src.c.obj -c /Users/iridescent/iridescent/iridescentCoconutSynth2/iridescentmicropython/ports/libmicropython/IRIDESCENT/sdl2-compat-main/BUILD/CMakeFiles/CMakeScratch/TryCompile-nXgXal/src.c
/Users/iridescent/iridescent/iridescentCoconutSynth2/iridescentmicropython/ports/libmicropython/IRIDESCENT/sdl2-compat-main/BUILD/CMakeFiles/CMakeScratch/TryCompile-nXgXal/src.c:2:16: fatal error: GLES/gl.h: No such file or directory
    2 |       #include <GLES/gl.h>
      |                ^~~~~~~~~~~
compilation terminated.
make[2]: *** [CMakeFiles/cmTC_8b224.dir/src.c.obj] Error 1
make[1]: *** [cmTC_8b224/fast] Error 2


Source file was:

      #include <GLES/gl.h>
      #include <GLES/glext.h>
      int main (int argc, char** argv) { return 0; }

Performing C SOURCE FILE Test HAVE_OPENGLES_V2 failed with the following output:
Change Dir: /Users/iridescent/iridescent/iridescentCoconutSynth2/iridescentmicropython/ports/libmicropython/IRIDESCENT/sdl2-compat-main/BUILD/CMakeFiles/CMakeScratch/TryCompile-3RQnlo

Run Build Command(s):/usr/bin/make -f Makefile cmTC_eb417/fast && /Applications/Xcode.app/Contents/Developer/usr/bin/make  -f CMakeFiles/cmTC_eb417.dir/build.make CMakeFiles/cmTC_eb417.dir/build
Building C object CMakeFiles/cmTC_eb417.dir/src.c.obj
/Users/iridescent/iridescent/iridescentCoconutSynth2/arm-gnu-toolchain-12.2.mpacbti-bet1-darwin-x86_64-arm-none-eabi/bin/arm-none-eabi-gcc -DHAVE_OPENGLES_V2   -o CMakeFiles/cmTC_eb417.dir/src.c.obj -c /Users/iridescent/iridescent/iridescentCoconutSynth2/iridescentmicropython/ports/libmicropython/IRIDESCENT/sdl2-compat-main/BUILD/CMakeFiles/CMakeScratch/TryCompile-3RQnlo/src.c
/Users/iridescent/iridescent/iridescentCoconutSynth2/iridescentmicropython/ports/libmicropython/IRIDESCENT/sdl2-compat-main/BUILD/CMakeFiles/CMakeScratch/TryCompile-3RQnlo/src.c:2:16: fatal error: GLES2/gl2.h: No such file or directory
    2 |       #include <GLES2/gl2.h>
      |                ^~~~~~~~~~~~~
compilation terminated.
make[2]: *** [CMakeFiles/cmTC_eb417.dir/src.c.obj] Error 1
make[1]: *** [cmTC_eb417/fast] Error 2


Source file was:

      #include <GLES2/gl2.h>
      #include <GLES2/gl2ext.h>
      int main (int argc, char** argv) { return 0; }

Performing C SOURCE FILE Test CHECK_CPU_ARCHITECTURE_X86 failed with the following output:
Change Dir: /Users/iridescent/iridescent/iridescentCoconutSynth2/iridescentmicropython/ports/libmicropython/IRIDESCENT/sdl2-compat-main/BUILD/CMakeFiles/CMakeScratch/TryCompile-k2wTBj

Run Build Command(s):/usr/bin/make -f Makefile cmTC_b30e0/fast && /Applications/Xcode.app/Contents/Developer/usr/bin/make  -f CMakeFiles/cmTC_b30e0.dir/build.make CMakeFiles/cmTC_b30e0.dir/build
Building C object CMakeFiles/cmTC_b30e0.dir/src.c.obj
/Users/iridescent/iridescent/iridescentCoconutSynth2/arm-gnu-toolchain-12.2.mpacbti-bet1-darwin-x86_64-arm-none-eabi/bin/arm-none-eabi-gcc -DCHECK_CPU_ARCHITECTURE_X86   -o CMakeFiles/cmTC_b30e0.dir/src.c.obj -c /Users/iridescent/iridescent/iridescentCoconutSynth2/iridescentmicropython/ports/libmicropython/IRIDESCENT/sdl2-compat-main/BUILD/CMakeFiles/CMakeScratch/TryCompile-k2wTBj/src.c
/Users/iridescent/iridescent/iridescentCoconutSynth2/iridescentmicropython/ports/libmicropython/IRIDESCENT/sdl2-compat-main/BUILD/CMakeFiles/CMakeScratch/TryCompile-k2wTBj/src.c: In function 'main':
/Users/iridescent/iridescent/iridescentCoconutSynth2/iridescentmicropython/ports/libmicropython/IRIDESCENT/sdl2-compat-main/BUILD/CMakeFiles/CMakeScratch/TryCompile-k2wTBj/src.c:6:3: error: 'choke' undeclared (first use in this function)
    6 |   choke
      |   ^~~~~
/Users/iridescent/iridescent/iridescentCoconutSynth2/iridescentmicropython/ports/libmicropython/IRIDESCENT/sdl2-compat-main/BUILD/CMakeFiles/CMakeScratch/TryCompile-k2wTBj/src.c:6:3: note: each undeclared identifier is reported only once for each function it appears in
/Users/iridescent/iridescent/iridescentCoconutSynth2/iridescentmicropython/ports/libmicropython/IRIDESCENT/sdl2-compat-main/BUILD/CMakeFiles/CMakeScratch/TryCompile-k2wTBj/src.c:6:8: error: expected ';' before '}' token
    6 |   choke
      |        ^
      |        ;
    7 | #endif
    8 | }
      | ~       
make[2]: *** [CMakeFiles/cmTC_b30e0.dir/src.c.obj] Error 1
make[1]: *** [cmTC_b30e0/fast] Error 2


Source file was:

int main(int argc, char *argv[]) {
#if defined(__i386__) || defined(__i486__) || defined(__i586__) || defined(__i686__) ||defined( __i386) || defined(_M_IX86)
  return 0;
#else
  choke
#endif
}


Determining if the include file immintrin.h exists failed with the following output:
Change Dir: /Users/iridescent/iridescent/iridescentCoconutSynth2/iridescentmicropython/ports/libmicropython/IRIDESCENT/sdl2-compat-main/BUILD/CMakeFiles/CMakeScratch/TryCompile-kbFpQJ

Run Build Command(s):/usr/bin/make -f Makefile cmTC_21dae/fast && /Applications/Xcode.app/Contents/Developer/usr/bin/make  -f CMakeFiles/cmTC_21dae.dir/build.make CMakeFiles/cmTC_21dae.dir/build
Building C object CMakeFiles/cmTC_21dae.dir/CheckIncludeFile.c.obj
/Users/iridescent/iridescent/iridescentCoconutSynth2/arm-gnu-toolchain-12.2.mpacbti-bet1-darwin-x86_64-arm-none-eabi/bin/arm-none-eabi-gcc    -o CMakeFiles/cmTC_21dae.dir/CheckIncludeFile.c.obj -c /Users/iridescent/iridescent/iridescentCoconutSynth2/iridescentmicropython/ports/libmicropython/IRIDESCENT/sdl2-compat-main/BUILD/CMakeFiles/CMakeScratch/TryCompile-kbFpQJ/CheckIncludeFile.c
/Users/iridescent/iridescent/iridescentCoconutSynth2/iridescentmicropython/ports/libmicropython/IRIDESCENT/sdl2-compat-main/BUILD/CMakeFiles/CMakeScratch/TryCompile-kbFpQJ/CheckIncludeFile.c:1:10: fatal error: immintrin.h: No such file or directory
    1 | #include <immintrin.h>
      |          ^~~~~~~~~~~~~
compilation terminated.
make[2]: *** [CMakeFiles/cmTC_21dae.dir/CheckIncludeFile.c.obj] Error 1
make[1]: *** [cmTC_21dae/fast] Error 2



